{"/home/daibing/devspace/open-mccree/packages/mccree-demuxer-flv/src/amf-parser.js":{"path":"/home/daibing/devspace/open-mccree/packages/mccree-demuxer-flv/src/amf-parser.js","s":{"1":1,"2":1,"3":1,"4":0,"5":1,"6":1,"7":1,"8":9,"9":9,"10":9,"11":9,"12":9,"13":9,"14":1,"15":1,"16":1,"17":1,"18":0,"19":1,"20":1,"21":2,"22":0,"23":1,"24":1,"25":2,"26":2,"27":2,"28":1,"29":1,"30":1,"31":1,"32":5,"33":1,"34":1,"35":1,"36":1,"37":6,"38":6,"39":6,"40":6,"41":1,"42":21,"43":21,"44":10,"45":10,"46":1,"47":1,"48":5,"49":5,"50":1,"51":1,"52":1,"53":1,"54":1,"55":1,"56":1,"57":1,"58":1,"59":1,"60":1,"61":1,"62":1,"63":21,"64":10,"65":10,"66":10,"67":10,"68":80,"69":10,"70":20,"71":20,"72":20,"73":20,"74":20,"75":20,"76":20,"77":2,"78":2,"79":15,"80":15,"81":15,"82":15,"83":15,"84":2,"85":2,"86":1,"87":1,"88":1,"89":1,"90":20,"91":20,"92":211,"93":20,"94":1,"95":1},"b":{"1":[1,0],"2":[1,1],"3":[0,0],"4":[0,0,0,0],"5":[9,9],"6":[9,0],"7":[1,0],"8":[0,1],"9":[0,2],"10":[1,4],"11":[5,2,1],"12":[10,1,5,1,1,1,1,1],"13":[17,16]},"f":{"1":1,"2":0,"3":1,"4":1,"5":1,"6":2,"7":1,"8":2,"9":1,"10":1,"11":21,"12":10,"13":20,"14":2,"15":1,"16":1,"17":20},"fnMap":{"1":{"name":"(anonymous_1)","line":0,"loc":{"start":{"line":0,"column":0},"end":{"line":0,"column":0}},"skip":true},"2":{"name":"(anonymous_2)","line":0,"loc":{"start":{"line":0,"column":0},"end":{"line":0,"column":0}},"skip":true},"3":{"name":"(anonymous_3)","line":0,"loc":{"start":{"line":0,"column":0},"end":{"line":0,"column":0}},"skip":true},"4":{"name":"defineProperties","line":0,"loc":{"start":{"line":0,"column":0},"end":{"line":0,"column":0}},"skip":true},"5":{"name":"(anonymous_5)","line":0,"loc":{"start":{"line":0,"column":0},"end":{"line":0,"column":0}},"skip":true},"6":{"name":"_classCallCheck","line":0,"loc":{"start":{"line":0,"column":0},"end":{"line":0,"column":0}},"skip":true},"7":{"name":"(anonymous_7)","line":0,"loc":{"start":{"line":0,"column":0},"end":{"line":0,"column":0}},"skip":true},"8":{"name":"AmfParser","line":3,"loc":{"start":{"line":3,"column":14},"end":{"line":3,"column":20}}},"9":{"name":"parseMetadata","line":8,"loc":{"start":{"line":8,"column":18},"end":{"line":8,"column":18}}},"10":{"name":"parseAMF","line":19,"loc":{"start":{"line":19,"column":13},"end":{"line":19,"column":13}}},"11":{"name":"_switchAmfType","line":32,"loc":{"start":{"line":32,"column":17},"end":{"line":32,"column":23}}},"12":{"name":"_parseNum","line":66,"loc":{"start":{"line":66,"column":14},"end":{"line":66,"column":14}}},"13":{"name":"_parseString","line":76,"loc":{"start":{"line":76,"column":17},"end":{"line":76,"column":17}}},"14":{"name":"_parseObject","line":86,"loc":{"start":{"line":86,"column":17},"end":{"line":86,"column":17}}},"15":{"name":"_parseECMAArrary","line":99,"loc":{"start":{"line":99,"column":21},"end":{"line":99,"column":21}}},"16":{"name":"_parseBoolean","line":104,"loc":{"start":{"line":104,"column":18},"end":{"line":104,"column":18}}},"17":{"name":"_decodeUtf8","line":109,"loc":{"start":{"line":109,"column":14},"end":{"line":109,"column":21}}}},"statementMap":{"1":{"start":{"line":0,"column":0},"end":{"line":0,"column":0},"skip":true},"2":{"start":{"line":0,"column":0},"end":{"line":0,"column":0},"skip":true},"3":{"start":{"line":0,"column":0},"end":{"line":0,"column":0},"skip":true},"4":{"start":{"line":0,"column":0},"end":{"line":0,"column":0},"skip":true},"5":{"start":{"line":0,"column":0},"end":{"line":0,"column":0},"skip":true},"6":{"start":{"line":0,"column":0},"end":{"line":0,"column":0},"skip":true},"7":{"start":{"line":0,"column":0},"end":{"line":0,"column":0},"skip":true},"8":{"start":{"line":0,"column":0},"end":{"line":0,"column":0},"skip":true},"9":{"start":{"line":0,"column":0},"end":{"line":0,"column":0},"skip":true},"10":{"start":{"line":0,"column":0},"end":{"line":0,"column":0},"skip":true},"11":{"start":{"line":0,"column":0},"end":{"line":0,"column":0},"skip":true},"12":{"start":{"line":0,"column":0},"end":{"line":0,"column":0},"skip":true},"13":{"start":{"line":0,"column":0},"end":{"line":0,"column":0},"skip":true},"14":{"start":{"line":0,"column":0},"end":{"line":0,"column":0},"skip":true},"15":{"start":{"line":0,"column":0},"end":{"line":0,"column":0},"skip":true},"16":{"start":{"line":0,"column":0},"end":{"line":0,"column":0},"skip":true},"17":{"start":{"line":0,"column":0},"end":{"line":0,"column":0},"skip":true},"18":{"start":{"line":0,"column":0},"end":{"line":0,"column":0},"skip":true},"19":{"start":{"line":0,"column":0},"end":{"line":0,"column":0},"skip":true},"20":{"start":{"line":0,"column":0},"end":{"line":0,"column":0},"skip":true},"21":{"start":{"line":0,"column":0},"end":{"line":0,"column":0},"skip":true},"22":{"start":{"line":0,"column":0},"end":{"line":0,"column":0},"skip":true},"23":{"start":{"line":2,"column":6},"end":{"line":null,"column":null}},"24":{"start":{"line":3,"column":14},"end":{"line":null,"column":null}},"25":{"start":{"line":0,"column":0},"end":{"line":0,"column":0},"skip":true},"26":{"start":{"line":4,"column":9},"end":{"line":null,"column":null}},"27":{"start":{"line":5,"column":9},"end":{"line":null,"column":null}},"28":{"start":{"line":0,"column":0},"end":{"line":0,"column":0},"skip":true},"29":{"start":{"line":9,"column":8},"end":{"line":null,"column":null}},"30":{"start":{"line":10,"column":8},"end":{"line":null,"column":null}},"31":{"start":{"line":11,"column":8},"end":{"line":null,"column":null}},"32":{"start":{"line":12,"column":9},"end":{"line":null,"column":null}},"33":{"start":{"line":13,"column":19},"end":{"line":null,"column":null}},"34":{"start":{"line":16,"column":11},"end":{"line":null,"column":null}},"35":{"start":{"line":20,"column":8},"end":{"line":null,"column":null}},"36":{"start":{"line":22,"column":11},"end":{"line":null,"column":null}},"37":{"start":{"line":23,"column":10},"end":{"line":null,"column":null}},"38":{"start":{"line":24,"column":11},"end":{"line":null,"column":null}},"39":{"start":{"line":25,"column":10},"end":{"line":null,"column":null}},"40":{"start":{"line":26,"column":13},"end":{"line":null,"column":null}},"41":{"start":{"line":28,"column":11},"end":{"line":null,"column":null}},"42":{"start":{"line":33,"column":8},"end":{"line":null,"column":null}},"43":{"start":{"line":34,"column":12},"end":{"line":null,"column":null}},"44":{"start":{"line":36,"column":16},"end":{"line":null,"column":null}},"45":{"start":{"line":0,"column":0},"end":{"line":0,"column":0},"skip":true},"46":{"start":{"line":39,"column":16},"end":{"line":null,"column":null}},"47":{"start":{"line":0,"column":0},"end":{"line":0,"column":0},"skip":true},"48":{"start":{"line":42,"column":16},"end":{"line":null,"column":null}},"49":{"start":{"line":0,"column":0},"end":{"line":0,"column":0},"skip":true},"50":{"start":{"line":45,"column":16},"end":{"line":null,"column":null}},"51":{"start":{"line":0,"column":0},"end":{"line":0,"column":0},"skip":true},"52":{"start":{"line":48,"column":16},"end":{"line":47,"column":6}},"53":{"start":{"line":49,"column":13},"end":{"line":null,"column":null}},"54":{"start":{"line":0,"column":0},"end":{"line":0,"column":0},"skip":true},"55":{"start":{"line":52,"column":16},"end":{"line":51,"column":6}},"56":{"start":{"line":53,"column":13},"end":{"line":null,"column":null}},"57":{"start":{"line":0,"column":0},"end":{"line":0,"column":0},"skip":true},"58":{"start":{"line":56,"column":16},"end":{"line":55,"column":6}},"59":{"start":{"line":57,"column":13},"end":{"line":null,"column":null}},"60":{"start":{"line":0,"column":0},"end":{"line":0,"column":0},"skip":true},"61":{"start":{"line":60,"column":16},"end":{"line":null,"column":null}},"62":{"start":{"line":0,"column":0},"end":{"line":0,"column":0},"skip":true},"63":{"start":{"line":63,"column":11},"end":{"line":null,"column":null}},"64":{"start":{"line":67,"column":8},"end":{"line":null,"column":null}},"65":{"start":{"line":68,"column":9},"end":{"line":null,"column":null}},"66":{"start":{"line":69,"column":8},"end":{"line":null,"column":null}},"67":{"start":{"line":70,"column":8},"end":{"line":null,"column":null}},"68":{"start":{"line":71,"column":13},"end":{"line":null,"column":null}},"69":{"start":{"line":73,"column":11},"end":{"line":null,"column":null}},"70":{"start":{"line":77,"column":8},"end":{"line":null,"column":null}},"71":{"start":{"line":78,"column":8},"end":{"line":null,"column":null}},"72":{"start":{"line":79,"column":9},"end":{"line":null,"column":null}},"73":{"start":{"line":80,"column":8},"end":{"line":null,"column":null}},"74":{"start":{"line":81,"column":9},"end":{"line":null,"column":null}},"75":{"start":{"line":82,"column":8},"end":{"line":null,"column":null}},"76":{"start":{"line":83,"column":11},"end":{"line":null,"column":null}},"77":{"start":{"line":87,"column":8},"end":{"line":null,"column":null}},"78":{"start":{"line":88,"column":11},"end":{"line":null,"column":null}},"79":{"start":{"line":89,"column":10},"end":{"line":null,"column":null}},"80":{"start":{"line":90,"column":10},"end":{"line":null,"column":null}},"81":{"start":{"line":91,"column":11},"end":{"line":null,"column":null}},"82":{"start":{"line":92,"column":10},"end":{"line":null,"column":null}},"83":{"start":{"line":93,"column":10},"end":{"line":null,"column":null}},"84":{"start":{"line":95,"column":9},"end":{"line":null,"column":null}},"85":{"start":{"line":96,"column":11},"end":{"line":null,"column":null}},"86":{"start":{"line":100,"column":9},"end":{"line":null,"column":null}},"87":{"start":{"line":101,"column":11},"end":{"line":null,"column":null}},"88":{"start":{"line":105,"column":9},"end":{"line":null,"column":null}},"89":{"start":{"line":106,"column":11},"end":{"line":null,"column":null}},"90":{"start":{"line":110,"column":8},"end":{"line":null,"column":null}},"91":{"start":{"line":111,"column":9},"end":{"line":null,"column":null}},"92":{"start":{"line":112,"column":17},"end":{"line":null,"column":null}},"93":{"start":{"line":114,"column":11},"end":{"line":null,"column":null}},"94":{"start":{"line":0,"column":0},"end":{"line":0,"column":0},"skip":true},"95":{"start":{"line":118,"column":15},"end":{"line":null,"column":null}}},"branchMap":{"1":{"line":0,"type":"cond-expr","locations":[{"start":{"line":0,"column":0},"end":{"line":0,"column":0},"skip":true},{"start":{"line":0,"column":0},"end":{"line":0,"column":0},"skip":true}]},"2":{"line":0,"type":"binary-expr","locations":[{"start":{"line":0,"column":0},"end":{"line":0,"column":0},"skip":true},{"start":{"line":0,"column":0},"end":{"line":0,"column":0},"skip":true}]},"3":{"line":0,"type":"cond-expr","locations":[{"start":{"line":0,"column":0},"end":{"line":0,"column":0},"skip":true},{"start":{"line":0,"column":0},"end":{"line":0,"column":0},"skip":true}]},"4":{"line":0,"type":"binary-expr","locations":[{"start":{"line":0,"column":0},"end":{"line":0,"column":0},"skip":true},{"start":{"line":0,"column":0},"end":{"line":0,"column":0},"skip":true},{"start":{"line":0,"column":0},"end":{"line":0,"column":0},"skip":true},{"start":{"line":0,"column":0},"end":{"line":0,"column":0},"skip":true}]},"5":{"line":0,"type":"binary-expr","locations":[{"start":{"line":0,"column":0},"end":{"line":0,"column":0},"skip":true},{"start":{"line":0,"column":0},"end":{"line":0,"column":0},"skip":true}]},"6":{"line":0,"type":"if","locations":[{"start":{"line":0,"column":0},"end":{"line":0,"column":0},"skip":true},{"start":{"line":0,"column":0},"end":{"line":0,"column":0},"skip":true}]},"7":{"line":0,"type":"if","locations":[{"start":{"line":0,"column":0},"end":{"line":0,"column":0},"skip":true},{"start":{"line":0,"column":0},"end":{"line":0,"column":0},"skip":true}]},"8":{"line":0,"type":"if","locations":[{"start":{"line":0,"column":0},"end":{"line":0,"column":0},"skip":true},{"start":{"line":0,"column":0},"end":{"line":0,"column":0},"skip":true}]},"9":{"line":0,"type":"if","locations":[{"start":{"line":0,"column":0},"end":{"line":0,"column":0},"skip":true},{"start":{"line":0,"column":0},"end":{"line":0,"column":0},"skip":true}]},"10":{"line":12,"type":"if","locations":[{"start":{"line":12,"column":9},"end":{"line":12,"column":9}},{"start":{"line":12,"column":9},"end":{"line":12,"column":9}}]},"11":{"line":12,"type":"binary-expr","locations":[{"start":{"line":12,"column":9},"end":{"line":12,"column":9}},{"start":{"line":12,"column":46},"end":{"line":12,"column":9}},{"start":{"line":12,"column":80},"end":{"line":12,"column":6}}]},"12":{"line":35,"type":"switch","locations":[{"start":{"line":35,"column":11},"end":{"line":null,"column":null}},{"start":{"line":38,"column":11},"end":{"line":null,"column":null}},{"start":{"line":41,"column":11},"end":{"line":null,"column":null}},{"start":{"line":44,"column":11},"end":{"line":null,"column":null}},{"start":{"line":47,"column":11},"end":{"line":null,"column":null}},{"start":{"line":51,"column":11},"end":{"line":null,"column":null}},{"start":{"line":55,"column":11},"end":{"line":null,"column":null}},{"start":{"line":59,"column":11},"end":{"line":null,"column":null}}]},"13":{"line":88,"type":"binary-expr","locations":[{"start":{"line":88,"column":11},"end":{"line":88,"column":11}},{"start":{"line":88,"column":49},"end":{"line":88,"column":4}}]}}},"/home/daibing/devspace/open-mccree/packages/mccree-demuxer-flv/src/default-audio-config.js":{"path":"/home/daibing/devspace/open-mccree/packages/mccree-demuxer-flv/src/default-audio-config.js","s":{"1":1,"2":1,"3":1},"b":{},"f":{},"fnMap":{},"statementMap":{"1":{"start":{"line":0,"column":0},"end":{"line":0,"column":0},"skip":true},"2":{"start":{"line":1,"column":0},"end":{"line":null,"column":null}},"3":{"start":{"line":14,"column":15},"end":{"line":null,"column":null}}},"branchMap":{}},"/home/daibing/devspace/open-mccree/packages/mccree-demuxer-flv/src/default-video-config.js":{"path":"/home/daibing/devspace/open-mccree/packages/mccree-demuxer-flv/src/default-video-config.js","s":{"1":1,"2":1,"3":1},"b":{},"f":{},"fnMap":{},"statementMap":{"1":{"start":{"line":0,"column":0},"end":{"line":0,"column":0},"skip":true},"2":{"start":{"line":1,"column":0},"end":{"line":null,"column":null}},"3":{"start":{"line":27,"column":15},"end":{"line":null,"column":null}}},"branchMap":{}},"/home/daibing/devspace/open-mccree/packages/mccree-demuxer-flv/src/index.js":{"path":"/home/daibing/devspace/open-mccree/packages/mccree-demuxer-flv/src/index.js","s":{"1":1,"2":1,"3":1,"4":1,"5":20,"6":20,"7":20,"8":20,"9":20,"10":20,"11":1,"12":1,"13":1,"14":1,"15":0,"16":1,"17":1,"18":1,"19":1,"20":1,"21":1,"22":1,"23":1,"24":1,"25":1,"26":1,"27":4,"28":1,"29":2,"30":0,"31":1,"32":1,"33":2,"34":2,"35":2,"36":2,"37":2,"38":2,"39":2,"40":2,"41":2,"42":2,"43":1,"44":0,"45":0,"46":0,"47":0,"48":0,"49":0,"50":0,"51":1,"52":1,"53":1,"54":1,"55":1,"56":1,"57":1,"58":1,"59":0,"60":0,"61":0,"62":0,"63":0,"64":0,"65":0,"66":0,"67":0,"68":0,"69":0,"70":0,"71":0,"72":0,"73":0,"74":0,"75":0,"76":0,"77":0,"78":0,"79":0,"80":0,"81":0,"82":0,"83":0,"84":0,"85":0,"86":0,"87":0,"88":0,"89":0,"90":0,"91":0,"92":0,"93":0,"94":0,"95":0,"96":0,"97":0,"98":0,"99":0,"100":0,"101":0,"102":0,"103":0,"104":0,"105":0,"106":0,"107":0,"108":0,"109":0,"110":0,"111":0,"112":0,"113":0,"114":0,"115":0,"116":0,"117":0,"118":0,"119":0,"120":0,"121":0,"122":0,"123":0,"124":0,"125":0,"126":0,"127":0,"128":0,"129":0,"130":0,"131":0,"132":0,"133":0,"134":0,"135":0,"136":0,"137":0,"138":0,"139":0,"140":0,"141":0,"142":0,"143":0,"144":0,"145":0,"146":0,"147":0,"148":0,"149":0,"150":0,"151":0,"152":0,"153":0,"154":0,"155":0,"156":0,"157":0,"158":0,"159":0,"160":0,"161":0,"162":0,"163":0,"164":0,"165":0,"166":0,"167":0,"168":0,"169":0,"170":0,"171":0,"172":0,"173":0,"174":0,"175":0,"176":0,"177":0,"178":0,"179":0,"180":0,"181":0,"182":0,"183":0,"184":0,"185":0,"186":0,"187":0,"188":0,"189":0,"190":0,"191":0,"192":0,"193":0,"194":0,"195":0,"196":0,"197":0,"198":0,"199":0,"200":0,"201":0,"202":0,"203":0,"204":0,"205":0,"206":0,"207":0,"208":0,"209":0,"210":0,"211":0,"212":0,"213":0,"214":0,"215":0,"216":0,"217":0,"218":0,"219":0,"220":0,"221":0,"222":0,"223":0,"224":0,"225":0,"226":0,"227":0,"228":0,"229":0,"230":0,"231":0,"232":0,"233":0,"234":0,"235":0,"236":0,"237":0,"238":0,"239":0,"240":0,"241":0,"242":0,"243":0,"244":0,"245":0,"246":0,"247":0,"248":0,"249":0,"250":0,"251":0,"252":0,"253":0,"254":0,"255":0,"256":0,"257":0,"258":0,"259":0,"260":0,"261":0,"262":0,"263":0,"264":0,"265":0,"266":0,"267":0,"268":0,"269":0,"270":0,"271":0,"272":0,"273":0,"274":0,"275":0,"276":0,"277":0,"278":0,"279":0,"280":0,"281":0,"282":0,"283":0,"284":0,"285":0,"286":0,"287":0,"288":0,"289":0,"290":0,"291":0,"292":0,"293":0,"294":0,"295":0,"296":0,"297":0,"298":0,"299":0,"300":0,"301":0,"302":0,"303":0,"304":0,"305":0,"306":0,"307":0,"308":0,"309":0,"310":0,"311":0,"312":0,"313":0,"314":0,"315":0,"316":0,"317":0,"318":0,"319":0,"320":0,"321":0,"322":0,"323":0,"324":0,"325":0,"326":0,"327":0,"328":0,"329":0,"330":0,"331":0,"332":0,"333":0,"334":0,"335":0,"336":0,"337":0,"338":0,"339":0,"340":0,"341":0,"342":0,"343":0,"344":0,"345":0,"346":0,"347":0,"348":0,"349":0,"350":0,"351":0,"352":0,"353":0,"354":0,"355":0,"356":0,"357":0,"358":0,"359":0,"360":0,"361":0,"362":0,"363":0,"364":0,"365":0,"366":0,"367":0,"368":0,"369":1,"370":1},"b":{"1":[20,20],"2":[20,0],"3":[1,0],"4":[0,1],"5":[4,0],"6":[4,4],"7":[0,2],"8":[2,0],"9":[0,0],"10":[0,0],"11":[0,0],"12":[0,0],"13":[0,0],"14":[0,0],"15":[0,0,0,0],"16":[0,0],"17":[0,0],"18":[0,0,0],"19":[0,0],"20":[0,0],"21":[0,0],"22":[0,0],"23":[0,0,0,0,0],"24":[0,0],"25":[0,0],"26":[0,0],"27":[0,0],"28":[0,0,0,0,0],"29":[0,0],"30":[0,0],"31":[0,0],"32":[0,0],"33":[0,0],"34":[0,0,0],"35":[0,0],"36":[0,0],"37":[0,0],"38":[0,0],"39":[0,0],"40":[0,0],"41":[0,0],"42":[0,0],"43":[0,0],"44":[0,0],"45":[0,0],"46":[0,0],"47":[0,0],"48":[0,0],"49":[0,0,0,0],"50":[0,0],"51":[0,0],"52":[0,0],"53":[0,0],"54":[0,0],"55":[0,0],"56":[0,0],"57":[0,0],"58":[0,0],"59":[0,0],"60":[0,0,0,0],"61":[0,0],"62":[0,0],"63":[0,0],"64":[0,0,0,0],"65":[0,0],"66":[0,0],"67":[0,0],"68":[0,0],"69":[0,0],"70":[0,0],"71":[0,0],"72":[0,0],"73":[0,0],"74":[0,0],"75":[0,0],"76":[0,0],"77":[0,0],"78":[0,0],"79":[0,0],"80":[0,0,0,0]},"f":{"1":1,"2":1,"3":1,"4":4,"5":2,"6":1,"7":2,"8":0,"9":1,"10":0,"11":0,"12":0,"13":0,"14":0,"15":0,"16":0,"17":0,"18":0,"19":0,"20":0,"21":0,"22":0,"23":0,"24":0,"25":0,"26":0,"27":0},"fnMap":{"1":{"name":"(anonymous_1)","line":0,"loc":{"start":{"line":0,"column":0},"end":{"line":0,"column":0}},"skip":true},"2":{"name":"defineProperties","line":0,"loc":{"start":{"line":0,"column":0},"end":{"line":0,"column":0}},"skip":true},"3":{"name":"(anonymous_3)","line":0,"loc":{"start":{"line":0,"column":0},"end":{"line":0,"column":0}},"skip":true},"4":{"name":"_interopRequireDefault","line":0,"loc":{"start":{"line":0,"column":0},"end":{"line":0,"column":0}},"skip":true},"5":{"name":"_classCallCheck","line":0,"loc":{"start":{"line":0,"column":0},"end":{"line":0,"column":0}},"skip":true},"6":{"name":"(anonymous_6)","line":0,"loc":{"start":{"line":0,"column":0},"end":{"line":0,"column":0}},"skip":true},"7":{"name":"FLVDemuxer","line":12,"loc":{"start":{"line":12,"column":14},"end":{"line":12,"column":22}}},"8":{"name":"reset","line":24,"loc":{"start":{"line":24,"column":10},"end":{"line":24,"column":10}}},"9":{"name":"init","line":37,"loc":{"start":{"line":37,"column":7},"end":{"line":37,"column":15}}},"10":{"name":"_fragLoaded","line":51,"loc":{"start":{"line":51,"column":16},"end":{"line":51,"column":16}}},"11":{"name":"_parseFlvHeader","line":77,"loc":{"start":{"line":77,"column":18},"end":{"line":77,"column":34}}},"12":{"name":"_switchPlayType","line":108,"loc":{"start":{"line":108,"column":18},"end":{"line":108,"column":40}}},"13":{"name":"_setDefaultVideoConfig","line":127,"loc":{"start":{"line":127,"column":27},"end":{"line":127,"column":27}}},"14":{"name":"_setDefaultAudioConfig","line":136,"loc":{"start":{"line":136,"column":27},"end":{"line":136,"column":27}}},"15":{"name":"_parseFlvTag","line":151,"loc":{"start":{"line":151,"column":17},"end":{"line":151,"column":17}}},"16":{"name":"_parseFlvTagHeader","line":164,"loc":{"start":{"line":164,"column":23},"end":{"line":164,"column":23}}},"17":{"name":"_processChunk","line":207,"loc":{"start":{"line":207,"column":16},"end":{"line":207,"column":23}}},"18":{"name":"_clearBuffer","line":229,"loc":{"start":{"line":229,"column":17},"end":{"line":229,"column":17}}},"19":{"name":"_parseScriptData","line":233,"loc":{"start":{"line":233,"column":19},"end":{"line":233,"column":26}}},"20":{"name":"_parseAACData","line":285,"loc":{"start":{"line":285,"column":16},"end":{"line":285,"column":23}}},"21":{"name":"_parseHevcData","line":351,"loc":{"start":{"line":351,"column":15},"end":{"line":351,"column":22}}},"22":{"name":"_datasizeValidator","line":445,"loc":{"start":{"line":445,"column":21},"end":{"line":445,"column":31}}},"23":{"name":"_switchAudioSamplingFrequency","line":452,"loc":{"start":{"line":452,"column":32},"end":{"line":452,"column":38}}},"24":{"name":"_switchAudioChannel","line":458,"loc":{"start":{"line":458,"column":22},"end":{"line":458,"column":28}}},"25":{"name":"_aacSequenceHeaderParser","line":464,"loc":{"start":{"line":464,"column":27},"end":{"line":464,"column":33}}},"26":{"name":"_switchAudioSampleRate","line":477,"loc":{"start":{"line":477,"column":25},"end":{"line":477,"column":49}}},"27":{"name":"_avcSequenceHeaderParser","line":482,"loc":{"start":{"line":482,"column":27},"end":{"line":482,"column":33}}}},"statementMap":{"1":{"start":{"line":0,"column":0},"end":{"line":0,"column":0},"skip":true},"2":{"start":{"line":0,"column":0},"end":{"line":0,"column":0},"skip":true},"3":{"start":{"line":0,"column":0},"end":{"line":0,"column":0},"skip":true},"4":{"start":{"line":0,"column":0},"end":{"line":0,"column":0},"skip":true},"5":{"start":{"line":0,"column":0},"end":{"line":0,"column":0},"skip":true},"6":{"start":{"line":0,"column":0},"end":{"line":0,"column":0},"skip":true},"7":{"start":{"line":0,"column":0},"end":{"line":0,"column":0},"skip":true},"8":{"start":{"line":0,"column":0},"end":{"line":0,"column":0},"skip":true},"9":{"start":{"line":0,"column":0},"end":{"line":0,"column":0},"skip":true},"10":{"start":{"line":0,"column":0},"end":{"line":0,"column":0},"skip":true},"11":{"start":{"line":0,"column":0},"end":{"line":0,"column":0},"skip":true},"12":{"start":{"line":0,"column":0},"end":{"line":0,"column":0},"skip":true},"13":{"start":{"line":0,"column":0},"end":{"line":0,"column":0},"skip":true},"14":{"start":{"line":0,"column":0},"end":{"line":0,"column":0},"skip":true},"15":{"start":{"line":0,"column":0},"end":{"line":0,"column":0},"skip":true},"16":{"start":{"line":0,"column":0},"end":{"line":0,"column":0},"skip":true},"17":{"start":{"line":2,"column":0},"end":{"line":null,"column":null}},"18":{"start":{"line":3,"column":0},"end":{"line":null,"column":null}},"19":{"start":{"line":0,"column":0},"end":{"line":0,"column":0},"skip":true},"20":{"start":{"line":4,"column":0},"end":{"line":null,"column":null}},"21":{"start":{"line":0,"column":0},"end":{"line":0,"column":0},"skip":true},"22":{"start":{"line":5,"column":0},"end":{"line":null,"column":null}},"23":{"start":{"line":0,"column":0},"end":{"line":0,"column":0},"skip":true},"24":{"start":{"line":6,"column":0},"end":{"line":null,"column":null}},"25":{"start":{"line":0,"column":0},"end":{"line":0,"column":0},"skip":true},"26":{"start":{"line":0,"column":0},"end":{"line":0,"column":0},"skip":true},"27":{"start":{"line":0,"column":0},"end":{"line":0,"column":0},"skip":true},"28":{"start":{"line":0,"column":0},"end":{"line":0,"column":0},"skip":true},"29":{"start":{"line":0,"column":0},"end":{"line":0,"column":0},"skip":true},"30":{"start":{"line":0,"column":0},"end":{"line":0,"column":0},"skip":true},"31":{"start":{"line":8,"column":6},"end":{"line":null,"column":null}},"32":{"start":{"line":12,"column":14},"end":{"line":null,"column":null}},"33":{"start":{"line":0,"column":0},"end":{"line":0,"column":0},"skip":true},"34":{"start":{"line":13,"column":9},"end":{"line":null,"column":null}},"35":{"start":{"line":14,"column":9},"end":{"line":null,"column":null}},"36":{"start":{"line":15,"column":9},"end":{"line":null,"column":null}},"37":{"start":{"line":16,"column":9},"end":{"line":null,"column":null}},"38":{"start":{"line":17,"column":9},"end":{"line":null,"column":null}},"39":{"start":{"line":18,"column":9},"end":{"line":null,"column":null}},"40":{"start":{"line":19,"column":9},"end":{"line":null,"column":null}},"41":{"start":{"line":20,"column":9},"end":{"line":null,"column":null}},"42":{"start":{"line":21,"column":9},"end":{"line":null,"column":null}},"43":{"start":{"line":0,"column":0},"end":{"line":0,"column":0},"skip":true},"44":{"start":{"line":25,"column":9},"end":{"line":null,"column":null}},"45":{"start":{"line":26,"column":9},"end":{"line":null,"column":null}},"46":{"start":{"line":27,"column":9},"end":{"line":null,"column":null}},"47":{"start":{"line":28,"column":9},"end":{"line":null,"column":null}},"48":{"start":{"line":29,"column":9},"end":{"line":null,"column":null}},"49":{"start":{"line":30,"column":9},"end":{"line":null,"column":null}},"50":{"start":{"line":31,"column":9},"end":{"line":null,"column":null}},"51":{"start":{"line":38,"column":9},"end":{"line":null,"column":null}},"52":{"start":{"line":39,"column":9},"end":{"line":null,"column":null}},"53":{"start":{"line":40,"column":9},"end":{"line":null,"column":null}},"54":{"start":{"line":41,"column":9},"end":{"line":null,"column":null}},"55":{"start":{"line":42,"column":9},"end":{"line":null,"column":null}},"56":{"start":{"line":43,"column":9},"end":{"line":null,"column":null}},"57":{"start":{"line":44,"column":9},"end":{"line":null,"column":null}},"58":{"start":{"line":45,"column":9},"end":{"line":null,"column":null}},"59":{"start":{"line":52,"column":8},"end":{"line":null,"column":null}},"60":{"start":{"line":53,"column":10},"end":{"line":null,"column":null}},"61":{"start":{"line":0,"column":0},"end":{"line":0,"column":0},"skip":true},"62":{"start":{"line":56,"column":10},"end":{"line":null,"column":null}},"63":{"start":{"line":57,"column":10},"end":{"line":null,"column":null}},"64":{"start":{"line":58,"column":11},"end":{"line":null,"column":null}},"65":{"start":{"line":59,"column":11},"end":{"line":null,"column":null}},"66":{"start":{"line":61,"column":10},"end":{"line":null,"column":null}},"67":{"start":{"line":0,"column":0},"end":{"line":0,"column":0},"skip":true},"68":{"start":{"line":64,"column":10},"end":{"line":null,"column":null}},"69":{"start":{"line":65,"column":10},"end":{"line":null,"column":null}},"70":{"start":{"line":66,"column":12},"end":{"line":null,"column":null}},"71":{"start":{"line":67,"column":15},"end":{"line":null,"column":null}},"72":{"start":{"line":69,"column":13},"end":{"line":null,"column":null}},"73":{"start":{"line":78,"column":8},"end":{"line":null,"column":null}},"74":{"start":{"line":79,"column":8},"end":{"line":null,"column":null}},"75":{"start":{"line":80,"column":11},"end":{"line":null,"column":null}},"76":{"start":{"line":81,"column":11},"end":{"line":null,"column":null}},"77":{"start":{"line":83,"column":11},"end":{"line":null,"column":null}},"78":{"start":{"line":84,"column":16},"end":{"line":null,"column":null}},"79":{"start":{"line":85,"column":10},"end":{"line":null,"column":null}},"80":{"start":{"line":86,"column":10},"end":{"line":null,"column":null}},"81":{"start":{"line":87,"column":13},"end":{"line":null,"column":null}},"82":{"start":{"line":88,"column":12},"end":{"line":null,"column":null}},"83":{"start":{"line":89,"column":13},"end":{"line":null,"column":null}},"84":{"start":{"line":90,"column":13},"end":{"line":null,"column":null}},"85":{"start":{"line":93,"column":10},"end":{"line":null,"column":null}},"86":{"start":{"line":94,"column":13},"end":{"line":null,"column":null}},"87":{"start":{"line":95,"column":12},"end":{"line":null,"column":null}},"88":{"start":{"line":96,"column":13},"end":{"line":null,"column":null}},"89":{"start":{"line":97,"column":13},"end":{"line":null,"column":null}},"90":{"start":{"line":99,"column":11},"end":{"line":null,"column":null}},"91":{"start":{"line":109,"column":8},"end":{"line":null,"column":null}},"92":{"start":{"line":110,"column":12},"end":{"line":null,"column":null}},"93":{"start":{"line":112,"column":20},"end":{"line":null,"column":null}},"94":{"start":{"line":0,"column":0},"end":{"line":0,"column":0},"skip":true},"95":{"start":{"line":115,"column":20},"end":{"line":null,"column":null}},"96":{"start":{"line":0,"column":0},"end":{"line":0,"column":0},"skip":true},"97":{"start":{"line":118,"column":22},"end":{"line":null,"column":null}},"98":{"start":{"line":0,"column":0},"end":{"line":0,"column":0},"skip":true},"99":{"start":{"line":121,"column":11},"end":{"line":null,"column":null}},"100":{"start":{"line":128,"column":8},"end":{"line":null,"column":null}},"101":{"start":{"line":129,"column":15},"end":{"line":null,"column":null}},"102":{"start":{"line":130,"column":15},"end":{"line":null,"column":null}},"103":{"start":{"line":137,"column":8},"end":{"line":null,"column":null}},"104":{"start":{"line":138,"column":15},"end":{"line":null,"column":null}},"105":{"start":{"line":139,"column":15},"end":{"line":null,"column":null}},"106":{"start":{"line":152,"column":8},"end":{"line":null,"column":null}},"107":{"start":{"line":153,"column":13},"end":{"line":null,"column":null}},"108":{"start":{"line":155,"column":8},"end":{"line":null,"column":null}},"109":{"start":{"line":156,"column":8},"end":{"line":null,"column":null}},"110":{"start":{"line":157,"column":11},"end":{"line":null,"column":null}},"111":{"start":{"line":165,"column":8},"end":{"line":null,"column":null}},"112":{"start":{"line":166,"column":8},"end":{"line":null,"column":null}},"113":{"start":{"line":169,"column":10},"end":{"line":null,"column":null}},"114":{"start":{"line":170,"column":10},"end":{"line":null,"column":null}},"115":{"start":{"line":173,"column":10},"end":{"line":null,"column":null}},"116":{"start":{"line":174,"column":9},"end":{"line":null,"column":null}},"117":{"start":{"line":176,"column":10},"end":{"line":null,"column":null}},"118":{"start":{"line":177,"column":13},"end":{"line":null,"column":null}},"119":{"start":{"line":179,"column":11},"end":{"line":null,"column":null}},"120":{"start":{"line":180,"column":13},"end":{"line":null,"column":null}},"121":{"start":{"line":183,"column":8},"end":{"line":null,"column":null}},"122":{"start":{"line":184,"column":13},"end":{"line":null,"column":null}},"123":{"start":{"line":188,"column":9},"end":{"line":null,"column":null}},"124":{"start":{"line":191,"column":8},"end":{"line":null,"column":null}},"125":{"start":{"line":192,"column":9},"end":{"line":null,"column":null}},"126":{"start":{"line":195,"column":8},"end":{"line":null,"column":null}},"127":{"start":{"line":196,"column":8},"end":{"line":null,"column":null}},"128":{"start":{"line":197,"column":19},"end":{"line":null,"column":null}},"129":{"start":{"line":200,"column":10},"end":{"line":null,"column":null}},"130":{"start":{"line":203,"column":9},"end":{"line":null,"column":null}},"131":{"start":{"line":204,"column":11},"end":{"line":null,"column":null}},"132":{"start":{"line":208,"column":12},"end":{"line":null,"column":null}},"133":{"start":{"line":210,"column":13},"end":{"line":null,"column":null}},"134":{"start":{"line":0,"column":0},"end":{"line":0,"column":0},"skip":true},"135":{"start":{"line":213,"column":13},"end":{"line":null,"column":null}},"136":{"start":{"line":0,"column":0},"end":{"line":0,"column":0},"skip":true},"137":{"start":{"line":216,"column":13},"end":{"line":null,"column":null}},"138":{"start":{"line":0,"column":0},"end":{"line":0,"column":0},"skip":true},"139":{"start":{"line":220,"column":13},"end":{"line":null,"column":null}},"140":{"start":{"line":0,"column":0},"end":{"line":0,"column":0},"skip":true},"141":{"start":{"line":223,"column":13},"end":{"line":null,"column":null}},"142":{"start":{"line":0,"column":0},"end":{"line":0,"column":0},"skip":true},"143":{"start":{"line":226,"column":9},"end":{"line":null,"column":null}},"144":{"start":{"line":230,"column":9},"end":{"line":null,"column":null}},"145":{"start":{"line":234,"column":8},"end":{"line":null,"column":null}},"146":{"start":{"line":235,"column":8},"end":{"line":null,"column":null}},"147":{"start":{"line":237,"column":8},"end":{"line":null,"column":null}},"148":{"start":{"line":238,"column":8},"end":{"line":null,"column":null}},"149":{"start":{"line":239,"column":8},"end":{"line":null,"column":null}},"150":{"start":{"line":240,"column":8},"end":{"line":null,"column":null}},"151":{"start":{"line":241,"column":11},"end":{"line":null,"column":null}},"152":{"start":{"line":245,"column":8},"end":{"line":null,"column":null}},"153":{"start":{"line":246,"column":10},"end":{"line":null,"column":null}},"154":{"start":{"line":247,"column":10},"end":{"line":null,"column":null}},"155":{"start":{"line":248,"column":13},"end":{"line":null,"column":null}},"156":{"start":{"line":251,"column":10},"end":{"line":null,"column":null}},"157":{"start":{"line":252,"column":13},"end":{"line":null,"column":null}},"158":{"start":{"line":255,"column":14},"end":{"line":null,"column":null}},"159":{"start":{"line":257,"column":15},"end":{"line":null,"column":null}},"160":{"start":{"line":0,"column":0},"end":{"line":0,"column":0},"skip":true},"161":{"start":{"line":260,"column":15},"end":{"line":null,"column":null}},"162":{"start":{"line":0,"column":0},"end":{"line":0,"column":0},"skip":true},"163":{"start":{"line":263,"column":15},"end":{"line":null,"column":null}},"164":{"start":{"line":0,"column":0},"end":{"line":0,"column":0},"skip":true},"165":{"start":{"line":267,"column":8},"end":{"line":null,"column":null}},"166":{"start":{"line":268,"column":10},"end":{"line":null,"column":null}},"167":{"start":{"line":269,"column":10},"end":{"line":null,"column":null}},"168":{"start":{"line":270,"column":12},"end":{"line":null,"column":null}},"169":{"start":{"line":271,"column":12},"end":{"line":null,"column":null}},"170":{"start":{"line":272,"column":14},"end":{"line":null,"column":null}},"171":{"start":{"line":273,"column":14},"end":{"line":null,"column":null}},"172":{"start":{"line":274,"column":17},"end":{"line":null,"column":null}},"173":{"start":{"line":276,"column":15},"end":{"line":null,"column":null}},"174":{"start":{"line":277,"column":15},"end":{"line":null,"column":null}},"175":{"start":{"line":278,"column":15},"end":{"line":null,"column":null}},"176":{"start":{"line":279,"column":15},"end":{"line":null,"column":null}},"177":{"start":{"line":286,"column":8},"end":{"line":null,"column":null}},"178":{"start":{"line":287,"column":8},"end":{"line":null,"column":null}},"179":{"start":{"line":0,"column":0},"end":{"line":0,"column":0},"skip":true},"180":{"start":{"line":291,"column":8},"end":{"line":null,"column":null}},"181":{"start":{"line":293,"column":8},"end":{"line":null,"column":null}},"182":{"start":{"line":294,"column":13},"end":{"line":null,"column":null}},"183":{"start":{"line":297,"column":8},"end":{"line":null,"column":null}},"184":{"start":{"line":299,"column":10},"end":{"line":null,"column":null}},"185":{"start":{"line":301,"column":8},"end":{"line":null,"column":null}},"186":{"start":{"line":303,"column":10},"end":{"line":null,"column":null}},"187":{"start":{"line":305,"column":8},"end":{"line":null,"column":null}},"188":{"start":{"line":306,"column":11},"end":{"line":null,"column":null}},"189":{"start":{"line":309,"column":8},"end":{"line":null,"column":null}},"190":{"start":{"line":310,"column":11},"end":{"line":null,"column":null}},"191":{"start":{"line":311,"column":11},"end":{"line":null,"column":null}},"192":{"start":{"line":312,"column":11},"end":{"line":null,"column":null}},"193":{"start":{"line":313,"column":11},"end":{"line":null,"column":null}},"194":{"start":{"line":314,"column":11},"end":{"line":null,"column":null}},"195":{"start":{"line":317,"column":8},"end":{"line":null,"column":null}},"196":{"start":{"line":318,"column":8},"end":{"line":null,"column":null}},"197":{"start":{"line":319,"column":8},"end":{"line":null,"column":null}},"198":{"start":{"line":321,"column":11},"end":{"line":null,"column":null}},"199":{"start":{"line":322,"column":8},"end":{"line":null,"column":null}},"200":{"start":{"line":324,"column":8},"end":{"line":null,"column":null}},"201":{"start":{"line":325,"column":10},"end":{"line":null,"column":null}},"202":{"start":{"line":326,"column":24},"end":{"line":null,"column":null}},"203":{"start":{"line":327,"column":29},"end":{"line":null,"column":null}},"204":{"start":{"line":328,"column":26},"end":{"line":null,"column":null}},"205":{"start":{"line":329,"column":11},"end":{"line":null,"column":null}},"206":{"start":{"line":330,"column":11},"end":{"line":null,"column":null}},"207":{"start":{"line":331,"column":11},"end":{"line":null,"column":null}},"208":{"start":{"line":332,"column":11},"end":{"line":null,"column":null}},"209":{"start":{"line":333,"column":10},"end":{"line":null,"column":null}},"210":{"start":{"line":334,"column":13},"end":{"line":null,"column":null}},"211":{"start":{"line":335,"column":13},"end":{"line":null,"column":null}},"212":{"start":{"line":336,"column":13},"end":{"line":null,"column":null}},"213":{"start":{"line":339,"column":11},"end":{"line":null,"column":null}},"214":{"start":{"line":341,"column":12},"end":{"line":null,"column":null}},"215":{"start":{"line":342,"column":11},"end":{"line":null,"column":null}},"216":{"start":{"line":343,"column":12},"end":{"line":null,"column":null}},"217":{"start":{"line":346,"column":8},"end":{"line":null,"column":null}},"218":{"start":{"line":347,"column":11},"end":{"line":null,"column":null}},"219":{"start":{"line":353,"column":8},"end":{"line":null,"column":null}},"220":{"start":{"line":354,"column":10},"end":{"line":null,"column":null}},"221":{"start":{"line":355,"column":8},"end":{"line":null,"column":null}},"222":{"start":{"line":356,"column":8},"end":{"line":null,"column":null}},"223":{"start":{"line":357,"column":9},"end":{"line":null,"column":null}},"224":{"start":{"line":360,"column":10},"end":{"line":null,"column":null}},"225":{"start":{"line":361,"column":10},"end":{"line":null,"column":null}},"226":{"start":{"line":362,"column":9},"end":{"line":null,"column":null}},"227":{"start":{"line":365,"column":8},"end":{"line":null,"column":null}},"228":{"start":{"line":366,"column":10},"end":{"line":null,"column":null}},"229":{"start":{"line":367,"column":12},"end":{"line":null,"column":null}},"230":{"start":{"line":369,"column":9},"end":{"line":null,"column":null}},"231":{"start":{"line":370,"column":12},"end":{"line":null,"column":null}},"232":{"start":{"line":371,"column":15},"end":{"line":null,"column":null}},"233":{"start":{"line":373,"column":12},"end":{"line":null,"column":null}},"234":{"start":{"line":374,"column":12},"end":{"line":null,"column":null}},"235":{"start":{"line":375,"column":13},"end":{"line":null,"column":null}},"236":{"start":{"line":376,"column":13},"end":{"line":null,"column":null}},"237":{"start":{"line":377,"column":14},"end":{"line":null,"column":null}},"238":{"start":{"line":378,"column":14},"end":{"line":null,"column":null}},"239":{"start":{"line":379,"column":15},"end":{"line":null,"column":null}},"240":{"start":{"line":380,"column":15},"end":{"line":null,"column":null}},"241":{"start":{"line":381,"column":15},"end":{"line":null,"column":null}},"242":{"start":{"line":382,"column":15},"end":{"line":null,"column":null}},"243":{"start":{"line":383,"column":15},"end":{"line":null,"column":null}},"244":{"start":{"line":384,"column":15},"end":{"line":null,"column":null}},"245":{"start":{"line":385,"column":15},"end":{"line":null,"column":null}},"246":{"start":{"line":386,"column":15},"end":{"line":null,"column":null}},"247":{"start":{"line":387,"column":15},"end":{"line":null,"column":null}},"248":{"start":{"line":389,"column":12},"end":{"line":null,"column":null}},"249":{"start":{"line":390,"column":12},"end":{"line":null,"column":null}},"250":{"start":{"line":391,"column":15},"end":{"line":null,"column":null}},"251":{"start":{"line":393,"column":15},"end":{"line":null,"column":null}},"252":{"start":{"line":396,"column":11},"end":{"line":null,"column":null}},"253":{"start":{"line":397,"column":10},"end":{"line":null,"column":null}},"254":{"start":{"line":398,"column":10},"end":{"line":null,"column":null}},"255":{"start":{"line":399,"column":12},"end":{"line":null,"column":null}},"256":{"start":{"line":400,"column":13},"end":{"line":null,"column":null}},"257":{"start":{"line":401,"column":23},"end":{"line":null,"column":null}},"258":{"start":{"line":403,"column":22},"end":{"line":null,"column":null}},"259":{"start":{"line":404,"column":15},"end":{"line":null,"column":null}},"260":{"start":{"line":405,"column":13},"end":{"line":null,"column":null}},"261":{"start":{"line":406,"column":21},"end":{"line":null,"column":null}},"262":{"start":{"line":407,"column":13},"end":{"line":null,"column":null}},"263":{"start":{"line":408,"column":21},"end":{"line":null,"column":null}},"264":{"start":{"line":409,"column":13},"end":{"line":null,"column":null}},"265":{"start":{"line":410,"column":13},"end":{"line":null,"column":null}},"266":{"start":{"line":413,"column":12},"end":{"line":null,"column":null}},"267":{"start":{"line":415,"column":10},"end":{"line":null,"column":null}},"268":{"start":{"line":416,"column":13},"end":{"line":null,"column":null}},"269":{"start":{"line":417,"column":12},"end":{"line":null,"column":null}},"270":{"start":{"line":418,"column":12},"end":{"line":null,"column":null}},"271":{"start":{"line":419,"column":14},"end":{"line":null,"column":null}},"272":{"start":{"line":420,"column":17},"end":{"line":null,"column":null}},"273":{"start":{"line":421,"column":17},"end":{"line":null,"column":null}},"274":{"start":{"line":422,"column":17},"end":{"line":null,"column":null}},"275":{"start":{"line":424,"column":15},"end":{"line":null,"column":null}},"276":{"start":{"line":427,"column":12},"end":{"line":null,"column":null}},"277":{"start":{"line":428,"column":15},"end":{"line":null,"column":null}},"278":{"start":{"line":430,"column":13},"end":{"line":null,"column":null}},"279":{"start":{"line":431,"column":13},"end":{"line":null,"column":null}},"280":{"start":{"line":434,"column":11},"end":{"line":null,"column":null}},"281":{"start":{"line":435,"column":12},"end":{"line":null,"column":null}},"282":{"start":{"line":436,"column":10},"end":{"line":null,"column":null}},"283":{"start":{"line":437,"column":13},"end":{"line":null,"column":null}},"284":{"start":{"line":439,"column":11},"end":{"line":null,"column":null}},"285":{"start":{"line":440,"column":11},"end":{"line":null,"column":null}},"286":{"start":{"line":442,"column":11},"end":{"line":null,"column":null}},"287":{"start":{"line":446,"column":8},"end":{"line":null,"column":null}},"288":{"start":{"line":447,"column":9},"end":{"line":null,"column":null}},"289":{"start":{"line":448,"column":8},"end":{"line":null,"column":null}},"290":{"start":{"line":449,"column":11},"end":{"line":null,"column":null}},"291":{"start":{"line":453,"column":8},"end":{"line":null,"column":null}},"292":{"start":{"line":454,"column":8},"end":{"line":null,"column":null}},"293":{"start":{"line":455,"column":11},"end":{"line":null,"column":null}},"294":{"start":{"line":459,"column":8},"end":{"line":null,"column":null}},"295":{"start":{"line":460,"column":8},"end":{"line":null,"column":null}},"296":{"start":{"line":461,"column":11},"end":{"line":null,"column":null}},"297":{"start":{"line":465,"column":8},"end":{"line":null,"column":null}},"298":{"start":{"line":466,"column":8},"end":{"line":null,"column":null}},"299":{"start":{"line":467,"column":8},"end":{"line":null,"column":null}},"300":{"start":{"line":468,"column":8},"end":{"line":null,"column":null}},"301":{"start":{"line":469,"column":8},"end":{"line":null,"column":null}},"302":{"start":{"line":470,"column":8},"end":{"line":null,"column":null}},"303":{"start":{"line":471,"column":8},"end":{"line":null,"column":null}},"304":{"start":{"line":472,"column":8},"end":{"line":null,"column":null}},"305":{"start":{"line":473,"column":8},"end":{"line":null,"column":null}},"306":{"start":{"line":474,"column":11},"end":{"line":null,"column":null}},"307":{"start":{"line":478,"column":8},"end":{"line":null,"column":null}},"308":{"start":{"line":479,"column":11},"end":{"line":null,"column":null}},"309":{"start":{"line":483,"column":8},"end":{"line":null,"column":null}},"310":{"start":{"line":485,"column":8},"end":{"line":null,"column":null}},"311":{"start":{"line":0,"column":0},"end":{"line":0,"column":0},"skip":true},"312":{"start":{"line":489,"column":8},"end":{"line":null,"column":null}},"313":{"start":{"line":491,"column":8},"end":{"line":null,"column":null}},"314":{"start":{"line":492,"column":12},"end":{"line":null,"column":null}},"315":{"start":{"line":494,"column":8},"end":{"line":null,"column":null}},"316":{"start":{"line":496,"column":9},"end":{"line":null,"column":null}},"317":{"start":{"line":497,"column":9},"end":{"line":null,"column":null}},"318":{"start":{"line":498,"column":9},"end":{"line":null,"column":null}},"319":{"start":{"line":499,"column":9},"end":{"line":null,"column":null}},"320":{"start":{"line":500,"column":9},"end":{"line":null,"column":null}},"321":{"start":{"line":502,"column":8},"end":{"line":null,"column":null}},"322":{"start":{"line":503,"column":13},"end":{"line":null,"column":null}},"323":{"start":{"line":504,"column":8},"end":{"line":null,"column":null}},"324":{"start":{"line":507,"column":9},"end":{"line":null,"column":null}},"325":{"start":{"line":508,"column":10},"end":{"line":null,"column":null}},"326":{"start":{"line":509,"column":16},"end":{"line":null,"column":null}},"327":{"start":{"line":511,"column":10},"end":{"line":null,"column":null}},"328":{"start":{"line":512,"column":11},"end":{"line":null,"column":null}},"329":{"start":{"line":513,"column":12},"end":{"line":null,"column":null}},"330":{"start":{"line":517,"column":10},"end":{"line":null,"column":null}},"331":{"start":{"line":518,"column":11},"end":{"line":null,"column":null}},"332":{"start":{"line":519,"column":12},"end":{"line":null,"column":null}},"333":{"start":{"line":520,"column":12},"end":{"line":null,"column":null}},"334":{"start":{"line":521,"column":14},"end":{"line":null,"column":null}},"335":{"start":{"line":523,"column":23},"end":{"line":null,"column":null}},"336":{"start":{"line":526,"column":11},"end":{"line":null,"column":null}},"337":{"start":{"line":528,"column":16},"end":{"line":null,"column":null}},"338":{"start":{"line":529,"column":15},"end":{"line":null,"column":null}},"339":{"start":{"line":532,"column":8},"end":{"line":null,"column":null}},"340":{"start":{"line":0,"column":0},"end":{"line":0,"column":0},"skip":true},"341":{"start":{"line":534,"column":9},"end":{"line":null,"column":null}},"342":{"start":{"line":535,"column":10},"end":{"line":null,"column":null}},"343":{"start":{"line":536,"column":16},"end":{"line":null,"column":null}},"344":{"start":{"line":537,"column":10},"end":{"line":null,"column":null}},"345":{"start":{"line":538,"column":11},"end":{"line":null,"column":null}},"346":{"start":{"line":539,"column":12},"end":{"line":null,"column":null}},"347":{"start":{"line":541,"column":16},"end":{"line":null,"column":null}},"348":{"start":{"line":542,"column":11},"end":{"line":null,"column":null}},"349":{"start":{"line":545,"column":8},"end":{"line":null,"column":null}},"350":{"start":{"line":546,"column":11},"end":{"line":null,"column":null}},"351":{"start":{"line":547,"column":11},"end":{"line":null,"column":null}},"352":{"start":{"line":548,"column":11},"end":{"line":null,"column":null}},"353":{"start":{"line":549,"column":11},"end":{"line":null,"column":null}},"354":{"start":{"line":552,"column":9},"end":{"line":null,"column":null}},"355":{"start":{"line":553,"column":9},"end":{"line":null,"column":null}},"356":{"start":{"line":554,"column":9},"end":{"line":null,"column":null}},"357":{"start":{"line":555,"column":9},"end":{"line":null,"column":null}},"358":{"start":{"line":557,"column":8},"end":{"line":null,"column":null}},"359":{"start":{"line":558,"column":11},"end":{"line":null,"column":null}},"360":{"start":{"line":559,"column":11},"end":{"line":null,"column":null}},"361":{"start":{"line":562,"column":8},"end":{"line":null,"column":null}},"362":{"start":{"line":563,"column":11},"end":{"line":null,"column":null}},"363":{"start":{"line":566,"column":8},"end":{"line":null,"column":null}},"364":{"start":{"line":567,"column":8},"end":{"line":null,"column":null}},"365":{"start":{"line":568,"column":9},"end":{"line":null,"column":null}},"366":{"start":{"line":570,"column":9},"end":{"line":null,"column":null}},"367":{"start":{"line":571,"column":9},"end":{"line":null,"column":null}},"368":{"start":{"line":572,"column":10},"end":{"line":null,"column":null}},"369":{"start":{"line":0,"column":0},"end":{"line":0,"column":0},"skip":true},"370":{"start":{"line":575,"column":15},"end":{"line":null,"column":null}}},"branchMap":{"1":{"line":0,"type":"binary-expr","locations":[{"start":{"line":0,"column":0},"end":{"line":0,"column":0},"skip":true},{"start":{"line":0,"column":0},"end":{"line":0,"column":0},"skip":true}]},"2":{"line":0,"type":"if","locations":[{"start":{"line":0,"column":0},"end":{"line":0,"column":0},"skip":true},{"start":{"line":0,"column":0},"end":{"line":0,"column":0},"skip":true}]},"3":{"line":0,"type":"if","locations":[{"start":{"line":0,"column":0},"end":{"line":0,"column":0},"skip":true},{"start":{"line":0,"column":0},"end":{"line":0,"column":0},"skip":true}]},"4":{"line":0,"type":"if","locations":[{"start":{"line":0,"column":0},"end":{"line":0,"column":0},"skip":true},{"start":{"line":0,"column":0},"end":{"line":0,"column":0},"skip":true}]},"5":{"line":0,"type":"cond-expr","locations":[{"start":{"line":0,"column":0},"end":{"line":0,"column":0},"skip":true},{"start":{"line":0,"column":0},"end":{"line":0,"column":0},"skip":true}]},"6":{"line":0,"type":"binary-expr","locations":[{"start":{"line":0,"column":0},"end":{"line":0,"column":0},"skip":true},{"start":{"line":0,"column":0},"end":{"line":0,"column":0},"skip":true}]},"7":{"line":0,"type":"if","locations":[{"start":{"line":0,"column":0},"end":{"line":0,"column":0},"skip":true},{"start":{"line":0,"column":0},"end":{"line":0,"column":0},"skip":true}]},"8":{"line":16,"type":"binary-expr","locations":[{"start":{"line":16,"column":19},"end":{"line":16,"column":29}},{"start":{"line":16,"column":29},"end":{"line":16,"column":4}}]},"9":{"line":52,"type":"if","locations":[{"start":{"line":52,"column":8},"end":{"line":52,"column":8}},{"start":{"line":52,"column":8},"end":{"line":52,"column":8}}]},"10":{"line":53,"type":"if","locations":[{"start":{"line":53,"column":10},"end":{"line":53,"column":10}},{"start":{"line":53,"column":10},"end":{"line":53,"column":10}}]},"11":{"line":61,"type":"if","locations":[{"start":{"line":61,"column":10},"end":{"line":61,"column":10}},{"start":{"line":61,"column":10},"end":{"line":61,"column":10}}]},"12":{"line":65,"type":"if","locations":[{"start":{"line":65,"column":10},"end":{"line":65,"column":10}},{"start":{"line":65,"column":10},"end":{"line":65,"column":10}}]},"13":{"line":66,"type":"if","locations":[{"start":{"line":66,"column":12},"end":{"line":66,"column":12}},{"start":{"line":66,"column":12},"end":{"line":66,"column":12}}]},"14":{"line":79,"type":"if","locations":[{"start":{"line":79,"column":8},"end":{"line":79,"column":8}},{"start":{"line":79,"column":8},"end":{"line":79,"column":8}}]},"15":{"line":79,"type":"binary-expr","locations":[{"start":{"line":79,"column":8},"end":{"line":79,"column":8}},{"start":{"line":79,"column":28},"end":{"line":79,"column":8}},{"start":{"line":79,"column":48},"end":{"line":79,"column":8}},{"start":{"line":79,"column":68},"end":{"line":79,"column":4}}]},"16":{"line":86,"type":"if","locations":[{"start":{"line":86,"column":10},"end":{"line":86,"column":10}},{"start":{"line":86,"column":10},"end":{"line":86,"column":10}}]},"17":{"line":93,"type":"if","locations":[{"start":{"line":93,"column":10},"end":{"line":93,"column":10}},{"start":{"line":93,"column":10},"end":{"line":93,"column":10}}]},"18":{"line":111,"type":"switch","locations":[{"start":{"line":111,"column":11},"end":{"line":null,"column":null}},{"start":{"line":114,"column":11},"end":{"line":null,"column":null}},{"start":{"line":0,"column":0},"end":{"line":0,"column":0},"skip":true}]},"19":{"line":118,"type":"cond-expr","locations":[{"start":{"line":118,"column":22},"end":{"line":118,"column":8}},{"start":{"line":118,"column":49},"end":{"line":118,"column":8}}]},"20":{"line":152,"type":"if","locations":[{"start":{"line":152,"column":8},"end":{"line":152,"column":8}},{"start":{"line":152,"column":8},"end":{"line":152,"column":8}}]},"21":{"line":156,"type":"if","locations":[{"start":{"line":156,"column":8},"end":{"line":156,"column":8}},{"start":{"line":156,"column":8},"end":{"line":156,"column":8}}]},"22":{"line":174,"type":"if","locations":[{"start":{"line":174,"column":9},"end":{"line":174,"column":9}},{"start":{"line":174,"column":9},"end":{"line":174,"column":9}}]},"23":{"line":174,"type":"binary-expr","locations":[{"start":{"line":174,"column":9},"end":{"line":174,"column":9}},{"start":{"line":174,"column":32},"end":{"line":174,"column":9}},{"start":{"line":174,"column":55},"end":{"line":174,"column":9}},{"start":{"line":174,"column":79},"end":{"line":174,"column":8}},{"start":{"line":175,"column":9},"end":{"line":174,"column":4}}]},"24":{"line":176,"type":"if","locations":[{"start":{"line":176,"column":10},"end":{"line":176,"column":10}},{"start":{"line":176,"column":10},"end":{"line":176,"column":10}}]},"25":{"line":176,"type":"binary-expr","locations":[{"start":{"line":176,"column":10},"end":{"line":176,"column":10}},{"start":{"line":176,"column":31},"end":{"line":176,"column":6}}]},"26":{"line":183,"type":"if","locations":[{"start":{"line":183,"column":8},"end":{"line":183,"column":8}},{"start":{"line":183,"column":8},"end":{"line":183,"column":8}}]},"27":{"line":196,"type":"if","locations":[{"start":{"line":196,"column":8},"end":{"line":196,"column":8}},{"start":{"line":196,"column":8},"end":{"line":196,"column":8}}]},"28":{"line":209,"type":"switch","locations":[{"start":{"line":209,"column":11},"end":{"line":null,"column":null}},{"start":{"line":212,"column":11},"end":{"line":null,"column":null}},{"start":{"line":215,"column":11},"end":{"line":null,"column":null}},{"start":{"line":218,"column":11},"end":{"line":null,"column":null}},{"start":{"line":0,"column":0},"end":{"line":0,"column":0},"skip":true}]},"29":{"line":240,"type":"if","locations":[{"start":{"line":240,"column":8},"end":{"line":240,"column":8}},{"start":{"line":240,"column":8},"end":{"line":240,"column":8}}]},"30":{"line":245,"type":"if","locations":[{"start":{"line":245,"column":8},"end":{"line":245,"column":8}},{"start":{"line":245,"column":8},"end":{"line":245,"column":8}}]},"31":{"line":245,"type":"binary-expr","locations":[{"start":{"line":245,"column":8},"end":{"line":245,"column":22}},{"start":{"line":245,"column":22},"end":{"line":245,"column":4}}]},"32":{"line":247,"type":"if","locations":[{"start":{"line":247,"column":10},"end":{"line":247,"column":10}},{"start":{"line":247,"column":10},"end":{"line":247,"column":10}}]},"33":{"line":251,"type":"if","locations":[{"start":{"line":251,"column":10},"end":{"line":251,"column":10}},{"start":{"line":251,"column":10},"end":{"line":251,"column":10}}]},"34":{"line":256,"type":"switch","locations":[{"start":{"line":256,"column":13},"end":{"line":null,"column":null}},{"start":{"line":259,"column":13},"end":{"line":null,"column":null}},{"start":{"line":262,"column":13},"end":{"line":null,"column":null}}]},"35":{"line":267,"type":"if","locations":[{"start":{"line":267,"column":8},"end":{"line":267,"column":8}},{"start":{"line":267,"column":8},"end":{"line":267,"column":8}}]},"36":{"line":267,"type":"binary-expr","locations":[{"start":{"line":267,"column":8},"end":{"line":267,"column":22}},{"start":{"line":267,"column":22},"end":{"line":267,"column":4}}]},"37":{"line":269,"type":"if","locations":[{"start":{"line":269,"column":10},"end":{"line":269,"column":10}},{"start":{"line":269,"column":10},"end":{"line":269,"column":10}}]},"38":{"line":271,"type":"if","locations":[{"start":{"line":271,"column":12},"end":{"line":271,"column":12}},{"start":{"line":271,"column":12},"end":{"line":271,"column":12}}]},"39":{"line":273,"type":"if","locations":[{"start":{"line":273,"column":14},"end":{"line":273,"column":14}},{"start":{"line":273,"column":14},"end":{"line":273,"column":14}}]},"40":{"line":287,"type":"if","locations":[{"start":{"line":287,"column":8},"end":{"line":287,"column":8}},{"start":{"line":287,"column":8},"end":{"line":287,"column":8}}]},"41":{"line":293,"type":"if","locations":[{"start":{"line":293,"column":8},"end":{"line":293,"column":8}},{"start":{"line":293,"column":8},"end":{"line":293,"column":8}}]},"42":{"line":305,"type":"if","locations":[{"start":{"line":305,"column":8},"end":{"line":305,"column":8}},{"start":{"line":305,"column":8},"end":{"line":305,"column":8}}]},"43":{"line":309,"type":"if","locations":[{"start":{"line":309,"column":8},"end":{"line":309,"column":8}},{"start":{"line":309,"column":8},"end":{"line":309,"column":8}}]},"44":{"line":309,"type":"binary-expr","locations":[{"start":{"line":309,"column":8},"end":{"line":309,"column":8}},{"start":{"line":309,"column":25},"end":{"line":309,"column":4}}]},"45":{"line":324,"type":"if","locations":[{"start":{"line":324,"column":8},"end":{"line":324,"column":8}},{"start":{"line":324,"column":8},"end":{"line":324,"column":8}}]},"46":{"line":326,"type":"binary-expr","locations":[{"start":{"line":326,"column":24},"end":{"line":326,"column":24}},{"start":{"line":326,"column":47},"end":{"line":326,"column":6}}]},"47":{"line":327,"type":"binary-expr","locations":[{"start":{"line":327,"column":29},"end":{"line":327,"column":29}},{"start":{"line":327,"column":52},"end":{"line":327,"column":6}}]},"48":{"line":333,"type":"if","locations":[{"start":{"line":333,"column":10},"end":{"line":333,"column":10}},{"start":{"line":333,"column":10},"end":{"line":333,"column":10}}]},"49":{"line":333,"type":"binary-expr","locations":[{"start":{"line":333,"column":10},"end":{"line":333,"column":10}},{"start":{"line":333,"column":29},"end":{"line":333,"column":10}},{"start":{"line":333,"column":57},"end":{"line":333,"column":57}},{"start":{"line":333,"column":97},"end":{"line":333,"column":10}}]},"50":{"line":335,"type":"if","locations":[{"start":{"line":335,"column":13},"end":{"line":335,"column":13}},{"start":{"line":335,"column":13},"end":{"line":335,"column":13}}]},"51":{"line":335,"type":"binary-expr","locations":[{"start":{"line":335,"column":17},"end":{"line":335,"column":17}},{"start":{"line":335,"column":36},"end":{"line":335,"column":13}}]},"52":{"line":346,"type":"if","locations":[{"start":{"line":346,"column":8},"end":{"line":346,"column":8}},{"start":{"line":346,"column":8},"end":{"line":346,"column":8}}]},"53":{"line":365,"type":"if","locations":[{"start":{"line":365,"column":8},"end":{"line":365,"column":8}},{"start":{"line":365,"column":8},"end":{"line":365,"column":8}}]},"54":{"line":369,"type":"if","locations":[{"start":{"line":369,"column":9},"end":{"line":369,"column":9}},{"start":{"line":369,"column":9},"end":{"line":369,"column":9}}]},"55":{"line":370,"type":"if","locations":[{"start":{"line":370,"column":12},"end":{"line":370,"column":12}},{"start":{"line":370,"column":12},"end":{"line":370,"column":12}}]},"56":{"line":389,"type":"if","locations":[{"start":{"line":389,"column":12},"end":{"line":389,"column":12}},{"start":{"line":389,"column":12},"end":{"line":389,"column":12}}]},"57":{"line":390,"type":"if","locations":[{"start":{"line":390,"column":12},"end":{"line":390,"column":12}},{"start":{"line":390,"column":12},"end":{"line":390,"column":12}}]},"58":{"line":396,"type":"if","locations":[{"start":{"line":396,"column":11},"end":{"line":396,"column":11}},{"start":{"line":396,"column":11},"end":{"line":396,"column":11}}]},"59":{"line":398,"type":"if","locations":[{"start":{"line":398,"column":10},"end":{"line":398,"column":10}},{"start":{"line":398,"column":10},"end":{"line":398,"column":10}}]},"60":{"line":398,"type":"binary-expr","locations":[{"start":{"line":398,"column":10},"end":{"line":398,"column":10}},{"start":{"line":398,"column":27},"end":{"line":398,"column":10}},{"start":{"line":398,"column":44},"end":{"line":398,"column":10}},{"start":{"line":398,"column":61},"end":{"line":398,"column":6}}]},"61":{"line":415,"type":"if","locations":[{"start":{"line":415,"column":10},"end":{"line":415,"column":10}},{"start":{"line":415,"column":10},"end":{"line":415,"column":10}}]},"62":{"line":418,"type":"if","locations":[{"start":{"line":418,"column":12},"end":{"line":418,"column":12}},{"start":{"line":418,"column":12},"end":{"line":418,"column":12}}]},"63":{"line":419,"type":"if","locations":[{"start":{"line":419,"column":14},"end":{"line":419,"column":14}},{"start":{"line":419,"column":14},"end":{"line":419,"column":14}}]},"64":{"line":419,"type":"binary-expr","locations":[{"start":{"line":419,"column":14},"end":{"line":419,"column":14}},{"start":{"line":419,"column":33},"end":{"line":419,"column":14}},{"start":{"line":419,"column":61},"end":{"line":419,"column":61}},{"start":{"line":419,"column":101},"end":{"line":419,"column":14}}]},"65":{"line":421,"type":"if","locations":[{"start":{"line":421,"column":17},"end":{"line":421,"column":17}},{"start":{"line":421,"column":17},"end":{"line":421,"column":17}}]},"66":{"line":421,"type":"binary-expr","locations":[{"start":{"line":421,"column":21},"end":{"line":421,"column":21}},{"start":{"line":421,"column":40},"end":{"line":421,"column":17}}]},"67":{"line":427,"type":"if","locations":[{"start":{"line":427,"column":12},"end":{"line":427,"column":12}},{"start":{"line":427,"column":12},"end":{"line":427,"column":12}}]},"68":{"line":436,"type":"if","locations":[{"start":{"line":436,"column":10},"end":{"line":436,"column":10}},{"start":{"line":436,"column":10},"end":{"line":436,"column":10}}]},"69":{"line":485,"type":"if","locations":[{"start":{"line":485,"column":8},"end":{"line":485,"column":8}},{"start":{"line":485,"column":8},"end":{"line":485,"column":8}}]},"70":{"line":491,"type":"if","locations":[{"start":{"line":491,"column":8},"end":{"line":491,"column":8}},{"start":{"line":491,"column":8},"end":{"line":491,"column":8}}]},"71":{"line":520,"type":"if","locations":[{"start":{"line":520,"column":12},"end":{"line":520,"column":12}},{"start":{"line":520,"column":12},"end":{"line":520,"column":12}}]},"72":{"line":545,"type":"if","locations":[{"start":{"line":545,"column":8},"end":{"line":545,"column":8}},{"start":{"line":545,"column":8},"end":{"line":545,"column":8}}]},"73":{"line":545,"type":"binary-expr","locations":[{"start":{"line":545,"column":8},"end":{"line":545,"column":18}},{"start":{"line":545,"column":18},"end":{"line":545,"column":4}}]},"74":{"line":552,"type":"binary-expr","locations":[{"start":{"line":552,"column":19},"end":{"line":552,"column":19}},{"start":{"line":552,"column":44},"end":{"line":552,"column":4}}]},"75":{"line":553,"type":"binary-expr","locations":[{"start":{"line":553,"column":17},"end":{"line":553,"column":17}},{"start":{"line":553,"column":40},"end":{"line":553,"column":4}}]},"76":{"line":554,"type":"binary-expr","locations":[{"start":{"line":554,"column":20},"end":{"line":554,"column":20}},{"start":{"line":554,"column":40},"end":{"line":554,"column":4}}]},"77":{"line":555,"type":"binary-expr","locations":[{"start":{"line":555,"column":24},"end":{"line":555,"column":24}},{"start":{"line":555,"column":48},"end":{"line":555,"column":4}}]},"78":{"line":557,"type":"if","locations":[{"start":{"line":557,"column":8},"end":{"line":557,"column":8}},{"start":{"line":557,"column":8},"end":{"line":557,"column":8}}]},"79":{"line":562,"type":"if","locations":[{"start":{"line":562,"column":8},"end":{"line":562,"column":8}},{"start":{"line":562,"column":8},"end":{"line":562,"column":8}}]},"80":{"line":562,"type":"binary-expr","locations":[{"start":{"line":562,"column":8},"end":{"line":562,"column":8}},{"start":{"line":562,"column":26},"end":{"line":562,"column":8}},{"start":{"line":562,"column":53},"end":{"line":562,"column":8}},{"start":{"line":562,"column":86},"end":{"line":562,"column":4}}]}}}}