{"/home/daibing/devspace/open-mccree/packages/mccree-demuxer-flv/src/amf-parser.js":{"path":"/home/daibing/devspace/open-mccree/packages/mccree-demuxer-flv/src/amf-parser.js","s":{"1":1,"2":1,"3":1,"4":0,"5":1,"6":1,"7":1,"8":9,"9":9,"10":9,"11":9,"12":9,"13":9,"14":1,"15":1,"16":1,"17":1,"18":0,"19":1,"20":1,"21":2,"22":0,"23":1,"24":1,"25":2,"26":2,"27":2,"28":1,"29":1,"30":1,"31":1,"32":5,"33":1,"34":1,"35":1,"36":1,"37":6,"38":6,"39":6,"40":6,"41":1,"42":21,"43":21,"44":10,"45":10,"46":1,"47":1,"48":5,"49":5,"50":1,"51":1,"52":1,"53":1,"54":1,"55":1,"56":1,"57":1,"58":1,"59":1,"60":1,"61":1,"62":1,"63":21,"64":10,"65":10,"66":10,"67":10,"68":80,"69":10,"70":20,"71":20,"72":20,"73":20,"74":20,"75":20,"76":20,"77":2,"78":2,"79":15,"80":15,"81":15,"82":15,"83":15,"84":2,"85":2,"86":1,"87":1,"88":1,"89":1,"90":20,"91":20,"92":211,"93":20,"94":1,"95":1},"b":{"1":[1,0],"2":[1,1],"3":[0,0],"4":[0,0,0,0],"5":[9,9],"6":[9,0],"7":[1,0],"8":[0,1],"9":[0,2],"10":[1,4],"11":[5,2,1],"12":[10,1,5,1,1,1,1,1],"13":[17,16]},"f":{"1":1,"2":0,"3":1,"4":1,"5":1,"6":2,"7":1,"8":2,"9":1,"10":1,"11":21,"12":10,"13":20,"14":2,"15":1,"16":1,"17":20},"fnMap":{"1":{"name":"(anonymous_1)","line":0,"loc":{"start":{"line":0,"column":0},"end":{"line":0,"column":0}},"skip":true},"2":{"name":"(anonymous_2)","line":0,"loc":{"start":{"line":0,"column":0},"end":{"line":0,"column":0}},"skip":true},"3":{"name":"(anonymous_3)","line":0,"loc":{"start":{"line":0,"column":0},"end":{"line":0,"column":0}},"skip":true},"4":{"name":"defineProperties","line":0,"loc":{"start":{"line":0,"column":0},"end":{"line":0,"column":0}},"skip":true},"5":{"name":"(anonymous_5)","line":0,"loc":{"start":{"line":0,"column":0},"end":{"line":0,"column":0}},"skip":true},"6":{"name":"_classCallCheck","line":0,"loc":{"start":{"line":0,"column":0},"end":{"line":0,"column":0}},"skip":true},"7":{"name":"(anonymous_7)","line":0,"loc":{"start":{"line":0,"column":0},"end":{"line":0,"column":0}},"skip":true},"8":{"name":"AmfParser","line":3,"loc":{"start":{"line":3,"column":14},"end":{"line":3,"column":20}}},"9":{"name":"parseMetadata","line":8,"loc":{"start":{"line":8,"column":18},"end":{"line":8,"column":18}}},"10":{"name":"parseAMF","line":19,"loc":{"start":{"line":19,"column":13},"end":{"line":19,"column":13}}},"11":{"name":"_switchAmfType","line":32,"loc":{"start":{"line":32,"column":17},"end":{"line":32,"column":23}}},"12":{"name":"_parseNum","line":66,"loc":{"start":{"line":66,"column":14},"end":{"line":66,"column":14}}},"13":{"name":"_parseString","line":76,"loc":{"start":{"line":76,"column":17},"end":{"line":76,"column":17}}},"14":{"name":"_parseObject","line":86,"loc":{"start":{"line":86,"column":17},"end":{"line":86,"column":17}}},"15":{"name":"_parseECMAArrary","line":99,"loc":{"start":{"line":99,"column":21},"end":{"line":99,"column":21}}},"16":{"name":"_parseBoolean","line":104,"loc":{"start":{"line":104,"column":18},"end":{"line":104,"column":18}}},"17":{"name":"_decodeUtf8","line":109,"loc":{"start":{"line":109,"column":14},"end":{"line":109,"column":21}}}},"statementMap":{"1":{"start":{"line":0,"column":0},"end":{"line":0,"column":0},"skip":true},"2":{"start":{"line":0,"column":0},"end":{"line":0,"column":0},"skip":true},"3":{"start":{"line":0,"column":0},"end":{"line":0,"column":0},"skip":true},"4":{"start":{"line":0,"column":0},"end":{"line":0,"column":0},"skip":true},"5":{"start":{"line":0,"column":0},"end":{"line":0,"column":0},"skip":true},"6":{"start":{"line":0,"column":0},"end":{"line":0,"column":0},"skip":true},"7":{"start":{"line":0,"column":0},"end":{"line":0,"column":0},"skip":true},"8":{"start":{"line":0,"column":0},"end":{"line":0,"column":0},"skip":true},"9":{"start":{"line":0,"column":0},"end":{"line":0,"column":0},"skip":true},"10":{"start":{"line":0,"column":0},"end":{"line":0,"column":0},"skip":true},"11":{"start":{"line":0,"column":0},"end":{"line":0,"column":0},"skip":true},"12":{"start":{"line":0,"column":0},"end":{"line":0,"column":0},"skip":true},"13":{"start":{"line":0,"column":0},"end":{"line":0,"column":0},"skip":true},"14":{"start":{"line":0,"column":0},"end":{"line":0,"column":0},"skip":true},"15":{"start":{"line":0,"column":0},"end":{"line":0,"column":0},"skip":true},"16":{"start":{"line":0,"column":0},"end":{"line":0,"column":0},"skip":true},"17":{"start":{"line":0,"column":0},"end":{"line":0,"column":0},"skip":true},"18":{"start":{"line":0,"column":0},"end":{"line":0,"column":0},"skip":true},"19":{"start":{"line":0,"column":0},"end":{"line":0,"column":0},"skip":true},"20":{"start":{"line":0,"column":0},"end":{"line":0,"column":0},"skip":true},"21":{"start":{"line":0,"column":0},"end":{"line":0,"column":0},"skip":true},"22":{"start":{"line":0,"column":0},"end":{"line":0,"column":0},"skip":true},"23":{"start":{"line":2,"column":6},"end":{"line":null,"column":null}},"24":{"start":{"line":3,"column":14},"end":{"line":null,"column":null}},"25":{"start":{"line":0,"column":0},"end":{"line":0,"column":0},"skip":true},"26":{"start":{"line":4,"column":9},"end":{"line":null,"column":null}},"27":{"start":{"line":5,"column":9},"end":{"line":null,"column":null}},"28":{"start":{"line":0,"column":0},"end":{"line":0,"column":0},"skip":true},"29":{"start":{"line":9,"column":8},"end":{"line":null,"column":null}},"30":{"start":{"line":10,"column":8},"end":{"line":null,"column":null}},"31":{"start":{"line":11,"column":8},"end":{"line":null,"column":null}},"32":{"start":{"line":12,"column":9},"end":{"line":null,"column":null}},"33":{"start":{"line":13,"column":19},"end":{"line":null,"column":null}},"34":{"start":{"line":16,"column":11},"end":{"line":null,"column":null}},"35":{"start":{"line":20,"column":8},"end":{"line":null,"column":null}},"36":{"start":{"line":22,"column":11},"end":{"line":null,"column":null}},"37":{"start":{"line":23,"column":10},"end":{"line":null,"column":null}},"38":{"start":{"line":24,"column":11},"end":{"line":null,"column":null}},"39":{"start":{"line":25,"column":10},"end":{"line":null,"column":null}},"40":{"start":{"line":26,"column":13},"end":{"line":null,"column":null}},"41":{"start":{"line":28,"column":11},"end":{"line":null,"column":null}},"42":{"start":{"line":33,"column":8},"end":{"line":null,"column":null}},"43":{"start":{"line":34,"column":12},"end":{"line":null,"column":null}},"44":{"start":{"line":36,"column":16},"end":{"line":null,"column":null}},"45":{"start":{"line":0,"column":0},"end":{"line":0,"column":0},"skip":true},"46":{"start":{"line":39,"column":16},"end":{"line":null,"column":null}},"47":{"start":{"line":0,"column":0},"end":{"line":0,"column":0},"skip":true},"48":{"start":{"line":42,"column":16},"end":{"line":null,"column":null}},"49":{"start":{"line":0,"column":0},"end":{"line":0,"column":0},"skip":true},"50":{"start":{"line":45,"column":16},"end":{"line":null,"column":null}},"51":{"start":{"line":0,"column":0},"end":{"line":0,"column":0},"skip":true},"52":{"start":{"line":48,"column":16},"end":{"line":47,"column":6}},"53":{"start":{"line":49,"column":13},"end":{"line":null,"column":null}},"54":{"start":{"line":0,"column":0},"end":{"line":0,"column":0},"skip":true},"55":{"start":{"line":52,"column":16},"end":{"line":51,"column":6}},"56":{"start":{"line":53,"column":13},"end":{"line":null,"column":null}},"57":{"start":{"line":0,"column":0},"end":{"line":0,"column":0},"skip":true},"58":{"start":{"line":56,"column":16},"end":{"line":55,"column":6}},"59":{"start":{"line":57,"column":13},"end":{"line":null,"column":null}},"60":{"start":{"line":0,"column":0},"end":{"line":0,"column":0},"skip":true},"61":{"start":{"line":60,"column":16},"end":{"line":null,"column":null}},"62":{"start":{"line":0,"column":0},"end":{"line":0,"column":0},"skip":true},"63":{"start":{"line":63,"column":11},"end":{"line":null,"column":null}},"64":{"start":{"line":67,"column":8},"end":{"line":null,"column":null}},"65":{"start":{"line":68,"column":9},"end":{"line":null,"column":null}},"66":{"start":{"line":69,"column":8},"end":{"line":null,"column":null}},"67":{"start":{"line":70,"column":8},"end":{"line":null,"column":null}},"68":{"start":{"line":71,"column":13},"end":{"line":null,"column":null}},"69":{"start":{"line":73,"column":11},"end":{"line":null,"column":null}},"70":{"start":{"line":77,"column":8},"end":{"line":null,"column":null}},"71":{"start":{"line":78,"column":8},"end":{"line":null,"column":null}},"72":{"start":{"line":79,"column":9},"end":{"line":null,"column":null}},"73":{"start":{"line":80,"column":8},"end":{"line":null,"column":null}},"74":{"start":{"line":81,"column":9},"end":{"line":null,"column":null}},"75":{"start":{"line":82,"column":8},"end":{"line":null,"column":null}},"76":{"start":{"line":83,"column":11},"end":{"line":null,"column":null}},"77":{"start":{"line":87,"column":8},"end":{"line":null,"column":null}},"78":{"start":{"line":88,"column":11},"end":{"line":null,"column":null}},"79":{"start":{"line":89,"column":10},"end":{"line":null,"column":null}},"80":{"start":{"line":90,"column":10},"end":{"line":null,"column":null}},"81":{"start":{"line":91,"column":11},"end":{"line":null,"column":null}},"82":{"start":{"line":92,"column":10},"end":{"line":null,"column":null}},"83":{"start":{"line":93,"column":10},"end":{"line":null,"column":null}},"84":{"start":{"line":95,"column":9},"end":{"line":null,"column":null}},"85":{"start":{"line":96,"column":11},"end":{"line":null,"column":null}},"86":{"start":{"line":100,"column":9},"end":{"line":null,"column":null}},"87":{"start":{"line":101,"column":11},"end":{"line":null,"column":null}},"88":{"start":{"line":105,"column":9},"end":{"line":null,"column":null}},"89":{"start":{"line":106,"column":11},"end":{"line":null,"column":null}},"90":{"start":{"line":110,"column":8},"end":{"line":null,"column":null}},"91":{"start":{"line":111,"column":9},"end":{"line":null,"column":null}},"92":{"start":{"line":112,"column":17},"end":{"line":null,"column":null}},"93":{"start":{"line":114,"column":11},"end":{"line":null,"column":null}},"94":{"start":{"line":0,"column":0},"end":{"line":0,"column":0},"skip":true},"95":{"start":{"line":118,"column":15},"end":{"line":null,"column":null}}},"branchMap":{"1":{"line":0,"type":"cond-expr","locations":[{"start":{"line":0,"column":0},"end":{"line":0,"column":0},"skip":true},{"start":{"line":0,"column":0},"end":{"line":0,"column":0},"skip":true}]},"2":{"line":0,"type":"binary-expr","locations":[{"start":{"line":0,"column":0},"end":{"line":0,"column":0},"skip":true},{"start":{"line":0,"column":0},"end":{"line":0,"column":0},"skip":true}]},"3":{"line":0,"type":"cond-expr","locations":[{"start":{"line":0,"column":0},"end":{"line":0,"column":0},"skip":true},{"start":{"line":0,"column":0},"end":{"line":0,"column":0},"skip":true}]},"4":{"line":0,"type":"binary-expr","locations":[{"start":{"line":0,"column":0},"end":{"line":0,"column":0},"skip":true},{"start":{"line":0,"column":0},"end":{"line":0,"column":0},"skip":true},{"start":{"line":0,"column":0},"end":{"line":0,"column":0},"skip":true},{"start":{"line":0,"column":0},"end":{"line":0,"column":0},"skip":true}]},"5":{"line":0,"type":"binary-expr","locations":[{"start":{"line":0,"column":0},"end":{"line":0,"column":0},"skip":true},{"start":{"line":0,"column":0},"end":{"line":0,"column":0},"skip":true}]},"6":{"line":0,"type":"if","locations":[{"start":{"line":0,"column":0},"end":{"line":0,"column":0},"skip":true},{"start":{"line":0,"column":0},"end":{"line":0,"column":0},"skip":true}]},"7":{"line":0,"type":"if","locations":[{"start":{"line":0,"column":0},"end":{"line":0,"column":0},"skip":true},{"start":{"line":0,"column":0},"end":{"line":0,"column":0},"skip":true}]},"8":{"line":0,"type":"if","locations":[{"start":{"line":0,"column":0},"end":{"line":0,"column":0},"skip":true},{"start":{"line":0,"column":0},"end":{"line":0,"column":0},"skip":true}]},"9":{"line":0,"type":"if","locations":[{"start":{"line":0,"column":0},"end":{"line":0,"column":0},"skip":true},{"start":{"line":0,"column":0},"end":{"line":0,"column":0},"skip":true}]},"10":{"line":12,"type":"if","locations":[{"start":{"line":12,"column":9},"end":{"line":12,"column":9}},{"start":{"line":12,"column":9},"end":{"line":12,"column":9}}]},"11":{"line":12,"type":"binary-expr","locations":[{"start":{"line":12,"column":9},"end":{"line":12,"column":9}},{"start":{"line":12,"column":46},"end":{"line":12,"column":9}},{"start":{"line":12,"column":80},"end":{"line":12,"column":6}}]},"12":{"line":35,"type":"switch","locations":[{"start":{"line":35,"column":11},"end":{"line":null,"column":null}},{"start":{"line":38,"column":11},"end":{"line":null,"column":null}},{"start":{"line":41,"column":11},"end":{"line":null,"column":null}},{"start":{"line":44,"column":11},"end":{"line":null,"column":null}},{"start":{"line":47,"column":11},"end":{"line":null,"column":null}},{"start":{"line":51,"column":11},"end":{"line":null,"column":null}},{"start":{"line":55,"column":11},"end":{"line":null,"column":null}},{"start":{"line":59,"column":11},"end":{"line":null,"column":null}}]},"13":{"line":88,"type":"binary-expr","locations":[{"start":{"line":88,"column":11},"end":{"line":88,"column":11}},{"start":{"line":88,"column":49},"end":{"line":88,"column":4}}]}}},"/home/daibing/devspace/open-mccree/packages/mccree-demuxer-flv/src/default-audio-config.js":{"path":"/home/daibing/devspace/open-mccree/packages/mccree-demuxer-flv/src/default-audio-config.js","s":{"1":1,"2":1,"3":1},"b":{},"f":{},"fnMap":{},"statementMap":{"1":{"start":{"line":0,"column":0},"end":{"line":0,"column":0},"skip":true},"2":{"start":{"line":1,"column":0},"end":{"line":null,"column":null}},"3":{"start":{"line":14,"column":15},"end":{"line":null,"column":null}}},"branchMap":{}},"/home/daibing/devspace/open-mccree/packages/mccree-demuxer-flv/src/default-video-config.js":{"path":"/home/daibing/devspace/open-mccree/packages/mccree-demuxer-flv/src/default-video-config.js","s":{"1":1,"2":1,"3":1},"b":{},"f":{},"fnMap":{},"statementMap":{"1":{"start":{"line":0,"column":0},"end":{"line":0,"column":0},"skip":true},"2":{"start":{"line":1,"column":0},"end":{"line":null,"column":null}},"3":{"start":{"line":27,"column":15},"end":{"line":null,"column":null}}},"branchMap":{}}}