TN:
SF:/home/daibing/devspace/open-mccree/packages/mccree-demuxer-flv/src/amf-parser.js
FN:3,AmfParser
FN:8,parseMetadata
FN:19,parseAMF
FN:32,_switchAmfType
FN:66,_parseNum
FN:76,_parseString
FN:86,_parseObject
FN:99,_parseECMAArrary
FN:104,_parseBoolean
FN:109,_decodeUtf8
FNF:10
FNH:10
FNDA:2,AmfParser
FNDA:1,parseMetadata
FNDA:1,parseAMF
FNDA:21,_switchAmfType
FNDA:10,_parseNum
FNDA:20,_parseString
FNDA:2,_parseObject
FNDA:1,_parseECMAArrary
FNDA:1,_parseBoolean
FNDA:20,_decodeUtf8
DA:2,1
DA:3,1
DA:4,2
DA:5,2
DA:9,1
DA:10,1
DA:11,1
DA:12,5
DA:13,1
DA:16,1
DA:20,1
DA:22,1
DA:23,6
DA:24,6
DA:25,6
DA:26,6
DA:28,1
DA:33,21
DA:34,21
DA:36,10
DA:39,1
DA:42,5
DA:45,1
DA:48,1
DA:49,1
DA:52,1
DA:53,1
DA:56,1
DA:57,1
DA:60,1
DA:63,21
DA:67,10
DA:68,10
DA:69,10
DA:70,10
DA:71,80
DA:73,10
DA:77,20
DA:78,20
DA:79,20
DA:80,20
DA:81,20
DA:82,20
DA:83,20
DA:87,2
DA:88,2
DA:89,15
DA:90,15
DA:91,15
DA:92,15
DA:93,15
DA:95,2
DA:96,2
DA:100,1
DA:101,1
DA:105,1
DA:106,1
DA:110,20
DA:111,20
DA:112,211
DA:114,20
DA:118,1
LF:62
LH:62
BRDA:12,10,0,1
BRDA:12,10,1,4
BRDA:12,11,0,5
BRDA:12,11,1,2
BRDA:12,11,2,1
BRDA:35,12,0,10
BRDA:35,12,1,1
BRDA:35,12,2,5
BRDA:35,12,3,1
BRDA:35,12,4,1
BRDA:35,12,5,1
BRDA:35,12,6,1
BRDA:35,12,7,1
BRDA:88,13,0,17
BRDA:88,13,1,16
BRF:15
BRH:15
end_of_record
TN:
SF:/home/daibing/devspace/open-mccree/packages/mccree-demuxer-flv/src/default-audio-config.js
FNF:0
FNH:0
DA:1,1
DA:14,1
LF:2
LH:2
BRF:0
BRH:0
end_of_record
TN:
SF:/home/daibing/devspace/open-mccree/packages/mccree-demuxer-flv/src/default-video-config.js
FNF:0
FNH:0
DA:1,1
DA:27,1
LF:2
LH:2
BRF:0
BRH:0
end_of_record
