TN:
SF:/home/daibing/devspace/open-mccree/packages/mccree-demuxer-flv/src/amf-parser.js
FN:3,AmfParser
FN:8,parseMetadata
FN:19,parseAMF
FN:32,_switchAmfType
FN:66,_parseNum
FN:76,_parseString
FN:86,_parseObject
FN:99,_parseECMAArrary
FN:104,_parseBoolean
FN:109,_decodeUtf8
FNF:10
FNH:10
FNDA:2,AmfParser
FNDA:1,parseMetadata
FNDA:1,parseAMF
FNDA:21,_switchAmfType
FNDA:10,_parseNum
FNDA:20,_parseString
FNDA:2,_parseObject
FNDA:1,_parseECMAArrary
FNDA:1,_parseBoolean
FNDA:20,_decodeUtf8
DA:2,1
DA:3,1
DA:4,2
DA:5,2
DA:9,1
DA:10,1
DA:11,1
DA:12,5
DA:13,1
DA:16,1
DA:20,1
DA:22,1
DA:23,6
DA:24,6
DA:25,6
DA:26,6
DA:28,1
DA:33,21
DA:34,21
DA:36,10
DA:39,1
DA:42,5
DA:45,1
DA:48,1
DA:49,1
DA:52,1
DA:53,1
DA:56,1
DA:57,1
DA:60,1
DA:63,21
DA:67,10
DA:68,10
DA:69,10
DA:70,10
DA:71,80
DA:73,10
DA:77,20
DA:78,20
DA:79,20
DA:80,20
DA:81,20
DA:82,20
DA:83,20
DA:87,2
DA:88,2
DA:89,15
DA:90,15
DA:91,15
DA:92,15
DA:93,15
DA:95,2
DA:96,2
DA:100,1
DA:101,1
DA:105,1
DA:106,1
DA:110,20
DA:111,20
DA:112,211
DA:114,20
DA:118,1
LF:62
LH:62
BRDA:12,10,0,1
BRDA:12,10,1,4
BRDA:12,11,0,5
BRDA:12,11,1,2
BRDA:12,11,2,1
BRDA:35,12,0,10
BRDA:35,12,1,1
BRDA:35,12,2,5
BRDA:35,12,3,1
BRDA:35,12,4,1
BRDA:35,12,5,1
BRDA:35,12,6,1
BRDA:35,12,7,1
BRDA:88,13,0,17
BRDA:88,13,1,16
BRF:15
BRH:15
end_of_record
TN:
SF:/home/daibing/devspace/open-mccree/packages/mccree-demuxer-flv/src/default-audio-config.js
FNF:0
FNH:0
DA:1,1
DA:14,1
LF:2
LH:2
BRF:0
BRH:0
end_of_record
TN:
SF:/home/daibing/devspace/open-mccree/packages/mccree-demuxer-flv/src/default-video-config.js
FNF:0
FNH:0
DA:1,1
DA:27,1
LF:2
LH:2
BRF:0
BRH:0
end_of_record
TN:
SF:/home/daibing/devspace/open-mccree/packages/mccree-demuxer-flv/src/index.js
FN:12,FLVDemuxer
FN:24,reset
FN:37,init
FN:51,_fragLoaded
FN:77,_parseFlvHeader
FN:108,_switchPlayType
FN:127,_setDefaultVideoConfig
FN:136,_setDefaultAudioConfig
FN:151,_parseFlvTag
FN:164,_parseFlvTagHeader
FN:207,_processChunk
FN:229,_clearBuffer
FN:233,_parseScriptData
FN:285,_parseAACData
FN:351,_parseHevcData
FN:445,_datasizeValidator
FN:452,_switchAudioSamplingFrequency
FN:458,_switchAudioChannel
FN:464,_aacSequenceHeaderParser
FN:477,_switchAudioSampleRate
FN:482,_avcSequenceHeaderParser
FNF:21
FNH:5
FNDA:2,FLVDemuxer
FNDA:0,reset
FNDA:1,init
FNDA:1,_fragLoaded
FNDA:1,_parseFlvHeader
FNDA:1,_switchPlayType
FNDA:0,_setDefaultVideoConfig
FNDA:0,_setDefaultAudioConfig
FNDA:0,_parseFlvTag
FNDA:0,_parseFlvTagHeader
FNDA:0,_processChunk
FNDA:0,_clearBuffer
FNDA:0,_parseScriptData
FNDA:0,_parseAACData
FNDA:0,_parseHevcData
FNDA:0,_datasizeValidator
FNDA:0,_switchAudioSamplingFrequency
FNDA:0,_switchAudioChannel
FNDA:0,_aacSequenceHeaderParser
FNDA:0,_switchAudioSampleRate
FNDA:0,_avcSequenceHeaderParser
DA:2,1
DA:3,1
DA:4,1
DA:5,1
DA:6,1
DA:8,1
DA:12,1
DA:13,2
DA:14,2
DA:15,2
DA:16,2
DA:17,2
DA:18,2
DA:19,2
DA:20,2
DA:21,2
DA:25,0
DA:26,0
DA:27,0
DA:28,0
DA:29,0
DA:30,0
DA:31,0
DA:38,1
DA:39,1
DA:40,1
DA:41,1
DA:42,1
DA:43,1
DA:44,1
DA:45,1
DA:52,1
DA:53,1
DA:56,1
DA:57,1
DA:58,1
DA:59,0
DA:61,0
DA:64,0
DA:65,0
DA:66,0
DA:67,0
DA:69,0
DA:78,1
DA:79,1
DA:80,0
DA:81,0
DA:83,1
DA:84,1
DA:85,1
DA:86,1
DA:87,1
DA:88,1
DA:89,1
DA:90,0
DA:93,0
DA:94,0
DA:95,0
DA:96,0
DA:97,0
DA:99,0
DA:109,1
DA:110,1
DA:112,0
DA:115,0
DA:118,1
DA:121,1
DA:128,0
DA:129,0
DA:130,0
DA:137,0
DA:138,0
DA:139,0
DA:152,0
DA:153,0
DA:155,0
DA:156,0
DA:157,0
DA:165,0
DA:166,0
DA:169,0
DA:170,0
DA:173,0
DA:174,0
DA:176,0
DA:177,0
DA:179,0
DA:180,0
DA:183,0
DA:184,0
DA:188,0
DA:191,0
DA:192,0
DA:195,0
DA:196,0
DA:197,0
DA:200,0
DA:203,0
DA:204,0
DA:208,0
DA:210,0
DA:213,0
DA:216,0
DA:220,0
DA:223,0
DA:226,0
DA:230,0
DA:234,0
DA:235,0
DA:237,0
DA:238,0
DA:239,0
DA:240,0
DA:241,0
DA:245,0
DA:246,0
DA:247,0
DA:248,0
DA:251,0
DA:252,0
DA:255,0
DA:257,0
DA:260,0
DA:263,0
DA:267,0
DA:268,0
DA:269,0
DA:270,0
DA:271,0
DA:272,0
DA:273,0
DA:274,0
DA:276,0
DA:277,0
DA:278,0
DA:279,0
DA:286,0
DA:287,0
DA:291,0
DA:293,0
DA:294,0
DA:297,0
DA:299,0
DA:301,0
DA:303,0
DA:305,0
DA:306,0
DA:309,0
DA:310,0
DA:311,0
DA:312,0
DA:313,0
DA:314,0
DA:317,0
DA:318,0
DA:319,0
DA:321,0
DA:322,0
DA:324,0
DA:325,0
DA:326,0
DA:327,0
DA:328,0
DA:329,0
DA:330,0
DA:331,0
DA:332,0
DA:333,0
DA:334,0
DA:335,0
DA:336,0
DA:339,0
DA:341,0
DA:342,0
DA:343,0
DA:346,0
DA:347,0
DA:353,0
DA:354,0
DA:355,0
DA:356,0
DA:357,0
DA:360,0
DA:361,0
DA:362,0
DA:365,0
DA:366,0
DA:367,0
DA:369,0
DA:370,0
DA:371,0
DA:373,0
DA:374,0
DA:375,0
DA:376,0
DA:377,0
DA:378,0
DA:379,0
DA:380,0
DA:381,0
DA:382,0
DA:383,0
DA:384,0
DA:385,0
DA:386,0
DA:387,0
DA:389,0
DA:390,0
DA:391,0
DA:393,0
DA:396,0
DA:397,0
DA:398,0
DA:399,0
DA:400,0
DA:401,0
DA:403,0
DA:404,0
DA:405,0
DA:406,0
DA:407,0
DA:408,0
DA:409,0
DA:410,0
DA:413,0
DA:415,0
DA:416,0
DA:417,0
DA:418,0
DA:419,0
DA:420,0
DA:421,0
DA:422,0
DA:424,0
DA:427,0
DA:428,0
DA:430,0
DA:431,0
DA:434,0
DA:435,0
DA:436,0
DA:437,0
DA:439,0
DA:440,0
DA:442,0
DA:446,0
DA:447,0
DA:448,0
DA:449,0
DA:453,0
DA:454,0
DA:455,0
DA:459,0
DA:460,0
DA:461,0
DA:465,0
DA:466,0
DA:467,0
DA:468,0
DA:469,0
DA:470,0
DA:471,0
DA:472,0
DA:473,0
DA:474,0
DA:478,0
DA:479,0
DA:483,0
DA:485,0
DA:489,0
DA:491,0
DA:492,0
DA:494,0
DA:496,0
DA:497,0
DA:498,0
DA:499,0
DA:500,0
DA:502,0
DA:503,0
DA:504,0
DA:507,0
DA:508,0
DA:509,0
DA:511,0
DA:512,0
DA:513,0
DA:517,0
DA:518,0
DA:519,0
DA:520,0
DA:521,0
DA:523,0
DA:526,0
DA:528,0
DA:529,0
DA:532,0
DA:534,0
DA:535,0
DA:536,0
DA:537,0
DA:538,0
DA:539,0
DA:541,0
DA:542,0
DA:545,0
DA:546,0
DA:547,0
DA:548,0
DA:549,0
DA:552,0
DA:553,0
DA:554,0
DA:555,0
DA:557,0
DA:558,0
DA:559,0
DA:562,0
DA:563,0
DA:566,0
DA:567,0
DA:568,0
DA:570,0
DA:571,0
DA:572,0
DA:575,1
LF:326
LH:43
BRDA:16,8,0,2
BRDA:16,8,1,0
BRDA:52,9,0,1
BRDA:52,9,1,0
BRDA:53,10,0,0
BRDA:53,10,1,1
BRDA:61,11,0,0
BRDA:61,11,1,0
BRDA:65,12,0,0
BRDA:65,12,1,0
BRDA:66,13,0,0
BRDA:66,13,1,0
BRDA:79,14,0,0
BRDA:79,14,1,1
BRDA:79,15,0,1
BRDA:79,15,1,1
BRDA:79,15,2,1
BRDA:79,15,3,1
BRDA:86,16,0,1
BRDA:86,16,1,0
BRDA:93,17,0,0
BRDA:93,17,1,0
BRDA:111,18,0,0
BRDA:111,18,1,0
BRDA:111,18,2,1
BRDA:118,19,0,1
BRDA:118,19,1,0
BRDA:152,20,0,0
BRDA:152,20,1,0
BRDA:156,21,0,0
BRDA:156,21,1,0
BRDA:174,22,0,0
BRDA:174,22,1,0
BRDA:174,23,0,0
BRDA:174,23,1,0
BRDA:174,23,2,0
BRDA:174,23,3,0
BRDA:174,23,4,0
BRDA:176,24,0,0
BRDA:176,24,1,0
BRDA:176,25,0,0
BRDA:176,25,1,0
BRDA:183,26,0,0
BRDA:183,26,1,0
BRDA:196,27,0,0
BRDA:196,27,1,0
BRDA:209,28,0,0
BRDA:209,28,1,0
BRDA:209,28,2,0
BRDA:209,28,3,0
BRDA:209,28,4,0
BRDA:240,29,0,0
BRDA:240,29,1,0
BRDA:245,30,0,0
BRDA:245,30,1,0
BRDA:245,31,0,0
BRDA:245,31,1,0
BRDA:247,32,0,0
BRDA:247,32,1,0
BRDA:251,33,0,0
BRDA:251,33,1,0
BRDA:256,34,0,0
BRDA:256,34,1,0
BRDA:256,34,2,0
BRDA:267,35,0,0
BRDA:267,35,1,0
BRDA:267,36,0,0
BRDA:267,36,1,0
BRDA:269,37,0,0
BRDA:269,37,1,0
BRDA:271,38,0,0
BRDA:271,38,1,0
BRDA:273,39,0,0
BRDA:273,39,1,0
BRDA:287,40,0,0
BRDA:287,40,1,0
BRDA:293,41,0,0
BRDA:293,41,1,0
BRDA:305,42,0,0
BRDA:305,42,1,0
BRDA:309,43,0,0
BRDA:309,43,1,0
BRDA:309,44,0,0
BRDA:309,44,1,0
BRDA:324,45,0,0
BRDA:324,45,1,0
BRDA:326,46,0,0
BRDA:326,46,1,0
BRDA:327,47,0,0
BRDA:327,47,1,0
BRDA:333,48,0,0
BRDA:333,48,1,0
BRDA:333,49,0,0
BRDA:333,49,1,0
BRDA:333,49,2,0
BRDA:333,49,3,0
BRDA:335,50,0,0
BRDA:335,50,1,0
BRDA:335,51,0,0
BRDA:335,51,1,0
BRDA:346,52,0,0
BRDA:346,52,1,0
BRDA:365,53,0,0
BRDA:365,53,1,0
BRDA:369,54,0,0
BRDA:369,54,1,0
BRDA:370,55,0,0
BRDA:370,55,1,0
BRDA:389,56,0,0
BRDA:389,56,1,0
BRDA:390,57,0,0
BRDA:390,57,1,0
BRDA:396,58,0,0
BRDA:396,58,1,0
BRDA:398,59,0,0
BRDA:398,59,1,0
BRDA:398,60,0,0
BRDA:398,60,1,0
BRDA:398,60,2,0
BRDA:398,60,3,0
BRDA:415,61,0,0
BRDA:415,61,1,0
BRDA:418,62,0,0
BRDA:418,62,1,0
BRDA:419,63,0,0
BRDA:419,63,1,0
BRDA:419,64,0,0
BRDA:419,64,1,0
BRDA:419,64,2,0
BRDA:419,64,3,0
BRDA:421,65,0,0
BRDA:421,65,1,0
BRDA:421,66,0,0
BRDA:421,66,1,0
BRDA:427,67,0,0
BRDA:427,67,1,0
BRDA:436,68,0,0
BRDA:436,68,1,0
BRDA:485,69,0,0
BRDA:485,69,1,0
BRDA:491,70,0,0
BRDA:491,70,1,0
BRDA:520,71,0,0
BRDA:520,71,1,0
BRDA:545,72,0,0
BRDA:545,72,1,0
BRDA:545,73,0,0
BRDA:545,73,1,0
BRDA:552,74,0,0
BRDA:552,74,1,0
BRDA:553,75,0,0
BRDA:553,75,1,0
BRDA:554,76,0,0
BRDA:554,76,1,0
BRDA:555,77,0,0
BRDA:555,77,1,0
BRDA:557,78,0,0
BRDA:557,78,1,0
BRDA:562,79,0,0
BRDA:562,79,1,0
BRDA:562,80,0,0
BRDA:562,80,1,0
BRDA:562,80,2,0
BRDA:562,80,3,0
BRF:164
BRH:12
end_of_record
