{"/home/daibing/devspace/open-mccree/packages/mccree-loader-moz-xhr/src/index.js":{"path":"/home/daibing/devspace/open-mccree/packages/mccree-loader-moz-xhr/src/index.js","s":{"1":1,"2":1,"3":1,"4":2,"5":6,"6":6,"7":6,"8":6,"9":6,"10":6,"11":1,"12":2,"13":1,"14":2,"15":1,"16":2,"17":1,"18":1,"19":1,"20":1,"21":1,"22":3,"23":0,"24":1,"25":1,"26":1,"27":1,"28":3,"29":3,"30":3,"31":3,"32":1,"33":2,"34":2,"35":1,"36":1,"37":4,"38":4,"39":1,"40":1,"41":3,"42":3,"43":3,"44":3,"45":3,"46":3,"47":3,"48":7,"49":0,"50":7,"51":0,"52":3,"53":1,"54":1,"55":1,"56":1,"57":3,"58":1,"59":1,"60":1,"61":1,"62":1,"63":1,"64":1,"65":1,"66":2,"67":1,"68":1,"69":1},"b":{"1":[6,6],"2":[6,0],"3":[1,1],"4":[1,1],"5":[1,0],"6":[1,1],"7":[0,3],"8":[3,1],"9":[1,3],"10":[0,7],"11":[0,7],"12":[1,1]},"f":{"1":1,"2":2,"3":2,"4":1,"5":3,"6":1,"7":1,"8":3,"9":2,"10":1,"11":4,"12":7,"13":1,"14":1,"15":1,"16":2},"fnMap":{"1":{"name":"(anonymous_1)","line":0,"loc":{"start":{"line":0,"column":0},"end":{"line":0,"column":0}},"skip":true},"2":{"name":"defineProperties","line":0,"loc":{"start":{"line":0,"column":0},"end":{"line":0,"column":0}},"skip":true},"3":{"name":"(anonymous_3)","line":0,"loc":{"start":{"line":0,"column":0},"end":{"line":0,"column":0}},"skip":true},"4":{"name":"_interopRequireDefault","line":0,"loc":{"start":{"line":0,"column":0},"end":{"line":0,"column":0}},"skip":true},"5":{"name":"_classCallCheck","line":0,"loc":{"start":{"line":0,"column":0},"end":{"line":0,"column":0}},"skip":true},"6":{"name":"(anonymous_6)","line":0,"loc":{"start":{"line":0,"column":0},"end":{"line":0,"column":0}},"skip":true},"7":{"name":"isSupported","line":4,"loc":{"start":{"line":4,"column":23},"end":{"line":4,"column":23}}},"8":{"name":"MozXhrLoader","line":8,"loc":{"start":{"line":8,"column":14},"end":{"line":8,"column":22}}},"9":{"name":"init","line":14,"loc":{"start":{"line":14,"column":7},"end":{"line":14,"column":15}}},"10":{"name":"load","line":19,"loc":{"start":{"line":19,"column":7},"end":{"line":19,"column":20}}},"11":{"name":"loadPartail","line":27,"loc":{"start":{"line":27,"column":14},"end":{"line":27,"column":35}}},"12":{"name":"(anonymous_12)","line":40,"loc":{"start":{"line":40,"column":34},"end":{"line":40,"column":39}}},"13":{"name":"(anonymous_13)","line":47,"loc":{"start":{"line":47,"column":26},"end":{"line":47,"column":31}}},"14":{"name":"unload","line":56,"loc":{"start":{"line":56,"column":11},"end":{"line":56,"column":11}}},"15":{"name":"(anonymous_15)","line":58,"loc":{"start":{"line":58,"column":23},"end":{"line":58,"column":44}}},"16":{"name":"_cleanLoaderBuffer","line":67,"loc":{"start":{"line":67,"column":23},"end":{"line":67,"column":23}}}},"statementMap":{"1":{"start":{"line":0,"column":0},"end":{"line":0,"column":0},"skip":true},"2":{"start":{"line":0,"column":0},"end":{"line":0,"column":0},"skip":true},"3":{"start":{"line":0,"column":0},"end":{"line":0,"column":0},"skip":true},"4":{"start":{"line":0,"column":0},"end":{"line":0,"column":0},"skip":true},"5":{"start":{"line":0,"column":0},"end":{"line":0,"column":0},"skip":true},"6":{"start":{"line":0,"column":0},"end":{"line":0,"column":0},"skip":true},"7":{"start":{"line":0,"column":0},"end":{"line":0,"column":0},"skip":true},"8":{"start":{"line":0,"column":0},"end":{"line":0,"column":0},"skip":true},"9":{"start":{"line":0,"column":0},"end":{"line":0,"column":0},"skip":true},"10":{"start":{"line":0,"column":0},"end":{"line":0,"column":0},"skip":true},"11":{"start":{"line":0,"column":0},"end":{"line":0,"column":0},"skip":true},"12":{"start":{"line":0,"column":0},"end":{"line":0,"column":0},"skip":true},"13":{"start":{"line":0,"column":0},"end":{"line":0,"column":0},"skip":true},"14":{"start":{"line":0,"column":0},"end":{"line":0,"column":0},"skip":true},"15":{"start":{"line":0,"column":0},"end":{"line":0,"column":0},"skip":true},"16":{"start":{"line":0,"column":0},"end":{"line":0,"column":0},"skip":true},"17":{"start":{"line":1,"column":0},"end":{"line":null,"column":null}},"18":{"start":{"line":0,"column":0},"end":{"line":0,"column":0},"skip":true},"19":{"start":{"line":0,"column":0},"end":{"line":0,"column":0},"skip":true},"20":{"start":{"line":0,"column":0},"end":{"line":0,"column":0},"skip":true},"21":{"start":{"line":0,"column":0},"end":{"line":0,"column":0},"skip":true},"22":{"start":{"line":0,"column":0},"end":{"line":0,"column":0},"skip":true},"23":{"start":{"line":0,"column":0},"end":{"line":0,"column":0},"skip":true},"24":{"start":{"line":3,"column":6},"end":{"line":null,"column":null}},"25":{"start":{"line":0,"column":0},"end":{"line":0,"column":0},"skip":true},"26":{"start":{"line":5,"column":11},"end":{"line":null,"column":null}},"27":{"start":{"line":8,"column":14},"end":{"line":null,"column":null}},"28":{"start":{"line":0,"column":0},"end":{"line":0,"column":0},"skip":true},"29":{"start":{"line":9,"column":9},"end":{"line":null,"column":null}},"30":{"start":{"line":10,"column":9},"end":{"line":null,"column":null}},"31":{"start":{"line":11,"column":9},"end":{"line":null,"column":null}},"32":{"start":{"line":0,"column":0},"end":{"line":0,"column":0},"skip":true},"33":{"start":{"line":15,"column":9},"end":{"line":null,"column":null}},"34":{"start":{"line":16,"column":9},"end":{"line":null,"column":null}},"35":{"start":{"line":20,"column":9},"end":{"line":null,"column":null}},"36":{"start":{"line":21,"column":9},"end":{"line":null,"column":null}},"37":{"start":{"line":0,"column":0},"end":{"line":0,"column":0},"skip":true},"38":{"start":{"line":28,"column":8},"end":{"line":null,"column":null}},"39":{"start":{"line":29,"column":11},"end":{"line":null,"column":null}},"40":{"start":{"line":0,"column":0},"end":{"line":0,"column":0},"skip":true},"41":{"start":{"line":33,"column":9},"end":{"line":null,"column":null}},"42":{"start":{"line":34,"column":9},"end":{"line":null,"column":null}},"43":{"start":{"line":36,"column":9},"end":{"line":null,"column":null}},"44":{"start":{"line":37,"column":8},"end":{"line":null,"column":null}},"45":{"start":{"line":38,"column":9},"end":{"line":null,"column":null}},"46":{"start":{"line":39,"column":9},"end":{"line":null,"column":null}},"47":{"start":{"line":40,"column":9},"end":{"line":null,"column":null}},"48":{"start":{"line":41,"column":9},"end":{"line":null,"column":null}},"49":{"start":{"line":42,"column":13},"end":{"line":null,"column":null}},"50":{"start":{"line":43,"column":13},"end":{"line":null,"column":null}},"51":{"start":{"line":44,"column":13},"end":{"line":null,"column":null}},"52":{"start":{"line":47,"column":9},"end":{"line":null,"column":null}},"53":{"start":{"line":48,"column":11},"end":{"line":null,"column":null}},"54":{"start":{"line":49,"column":10},"end":{"line":null,"column":null}},"55":{"start":{"line":50,"column":11},"end":{"line":null,"column":null}},"56":{"start":{"line":51,"column":11},"end":{"line":null,"column":null}},"57":{"start":{"line":53,"column":9},"end":{"line":null,"column":null}},"58":{"start":{"line":0,"column":0},"end":{"line":0,"column":0},"skip":true},"59":{"start":{"line":57,"column":8},"end":{"line":null,"column":null}},"60":{"start":{"line":58,"column":11},"end":{"line":null,"column":null}},"61":{"start":{"line":59,"column":11},"end":{"line":null,"column":null}},"62":{"start":{"line":60,"column":11},"end":{"line":null,"column":null}},"63":{"start":{"line":61,"column":11},"end":{"line":null,"column":null}},"64":{"start":{"line":62,"column":11},"end":{"line":null,"column":null}},"65":{"start":{"line":0,"column":0},"end":{"line":0,"column":0},"skip":true},"66":{"start":{"line":68,"column":9},"end":{"line":null,"column":null}},"67":{"start":{"line":0,"column":0},"end":{"line":0,"column":0},"skip":true},"68":{"start":{"line":71,"column":0},"end":{"line":null,"column":null}},"69":{"start":{"line":72,"column":15},"end":{"line":null,"column":null}}},"branchMap":{"1":{"line":0,"type":"binary-expr","locations":[{"start":{"line":0,"column":0},"end":{"line":0,"column":0},"skip":true},{"start":{"line":0,"column":0},"end":{"line":0,"column":0},"skip":true}]},"2":{"line":0,"type":"if","locations":[{"start":{"line":0,"column":0},"end":{"line":0,"column":0},"skip":true},{"start":{"line":0,"column":0},"end":{"line":0,"column":0},"skip":true}]},"3":{"line":0,"type":"if","locations":[{"start":{"line":0,"column":0},"end":{"line":0,"column":0},"skip":true},{"start":{"line":0,"column":0},"end":{"line":0,"column":0},"skip":true}]},"4":{"line":0,"type":"if","locations":[{"start":{"line":0,"column":0},"end":{"line":0,"column":0},"skip":true},{"start":{"line":0,"column":0},"end":{"line":0,"column":0},"skip":true}]},"5":{"line":0,"type":"cond-expr","locations":[{"start":{"line":0,"column":0},"end":{"line":0,"column":0},"skip":true},{"start":{"line":0,"column":0},"end":{"line":0,"column":0},"skip":true}]},"6":{"line":0,"type":"binary-expr","locations":[{"start":{"line":0,"column":0},"end":{"line":0,"column":0},"skip":true},{"start":{"line":0,"column":0},"end":{"line":0,"column":0},"skip":true}]},"7":{"line":0,"type":"if","locations":[{"start":{"line":0,"column":0},"end":{"line":0,"column":0},"skip":true},{"start":{"line":0,"column":0},"end":{"line":0,"column":0},"skip":true}]},"8":{"line":11,"type":"binary-expr","locations":[{"start":{"line":11,"column":18},"end":{"line":11,"column":28}},{"start":{"line":11,"column":28},"end":{"line":11,"column":4}}]},"9":{"line":28,"type":"if","locations":[{"start":{"line":28,"column":8},"end":{"line":28,"column":8}},{"start":{"line":28,"column":8},"end":{"line":28,"column":8}}]},"10":{"line":41,"type":"if","locations":[{"start":{"line":41,"column":9},"end":{"line":41,"column":9}},{"start":{"line":41,"column":9},"end":{"line":41,"column":9}}]},"11":{"line":43,"type":"if","locations":[{"start":{"line":43,"column":13},"end":{"line":43,"column":13}},{"start":{"line":43,"column":13},"end":{"line":43,"column":13}}]},"12":{"line":48,"type":"binary-expr","locations":[{"start":{"line":48,"column":24},"end":{"line":48,"column":24}},{"start":{"line":48,"column":49},"end":{"line":48,"column":6}}]}}}}