TN:
SF:/home/daibing/devspace/open-mccree/packages/mccree-loader-moz-xhr/src/index.js
FN:4,isSupported
FN:8,MozXhrLoader
FN:14,init
FN:19,load
FN:27,loadPartail
FN:40,(anonymous_12)
FN:47,(anonymous_13)
FN:56,unload
FN:58,(anonymous_15)
FN:67,_cleanLoaderBuffer
FNF:10
FNH:10
FNDA:1,isSupported
FNDA:3,MozXhrLoader
FNDA:2,init
FNDA:1,load
FNDA:4,loadPartail
FNDA:7,(anonymous_12)
FNDA:1,(anonymous_13)
FNDA:1,unload
FNDA:1,(anonymous_15)
FNDA:2,_cleanLoaderBuffer
DA:1,1
DA:3,1
DA:5,1
DA:8,1
DA:9,3
DA:10,3
DA:11,3
DA:15,2
DA:16,2
DA:20,1
DA:21,1
DA:28,4
DA:29,1
DA:33,3
DA:34,3
DA:36,3
DA:37,3
DA:38,3
DA:39,3
DA:40,3
DA:41,7
DA:42,0
DA:43,7
DA:44,0
DA:47,3
DA:48,1
DA:49,1
DA:50,1
DA:51,1
DA:53,3
DA:57,1
DA:58,1
DA:59,1
DA:60,1
DA:61,1
DA:62,1
DA:68,2
DA:71,1
DA:72,1
LF:39
LH:37
BRDA:11,8,0,3
BRDA:11,8,1,1
BRDA:28,9,0,1
BRDA:28,9,1,3
BRDA:41,10,0,0
BRDA:41,10,1,7
BRDA:43,11,0,0
BRDA:43,11,1,7
BRDA:48,12,0,1
BRDA:48,12,1,1
BRF:10
BRH:8
end_of_record
