{"/home/daibing/devspace/open-mccree/packages/mccree-loader-tencentp2p/src/index.js":{"path":"/home/daibing/devspace/open-mccree/packages/mccree-loader-tencentp2p/src/index.js","s":{"1":1,"2":1,"3":1,"4":2,"5":10,"6":10,"7":10,"8":10,"9":10,"10":10,"11":1,"12":2,"13":1,"14":2,"15":1,"16":2,"17":1,"18":1,"19":1,"20":1,"21":1,"22":4,"23":0,"24":1,"25":1,"26":3,"27":3,"28":1,"29":2,"30":1,"31":1,"32":1,"33":4,"34":4,"35":4,"36":4,"37":4,"38":1,"39":6,"40":4,"41":4,"42":4,"43":2,"44":3,"45":1,"46":2,"47":2,"48":2,"49":2,"50":1,"51":1,"52":1,"53":1,"54":1,"55":1,"56":1,"57":1,"58":2,"59":1,"60":1,"61":1,"62":2,"63":2,"64":1,"65":1,"66":4,"67":4,"68":4,"69":1,"70":1,"71":1,"72":1,"73":1,"74":2,"75":1,"76":1,"77":1,"78":1,"79":1,"80":1,"81":1,"82":1,"83":1,"84":1,"85":1,"86":1,"87":1,"88":2,"89":1,"90":1,"91":1},"b":{"1":[10,10],"2":[10,0],"3":[1,1],"4":[1,1],"5":[1,0],"6":[1,1],"7":[0,4],"8":[1,2],"9":[1,1],"10":[4,1],"11":[4,2],"12":[2,2],"13":[1,2],"14":[1,0],"15":[1,0],"16":[1,1],"17":[1,1],"18":[2,2],"19":[1,1,1,1],"20":[1,1],"21":[1,0]},"f":{"1":1,"2":2,"3":2,"4":1,"5":4,"6":1,"7":3,"8":4,"9":6,"10":3,"11":1,"12":2,"13":2,"14":4,"15":2,"16":1,"17":1,"18":2},"fnMap":{"1":{"name":"(anonymous_1)","line":0,"loc":{"start":{"line":0,"column":0},"end":{"line":0,"column":0}},"skip":true},"2":{"name":"defineProperties","line":0,"loc":{"start":{"line":0,"column":0},"end":{"line":0,"column":0}},"skip":true},"3":{"name":"(anonymous_3)","line":0,"loc":{"start":{"line":0,"column":0},"end":{"line":0,"column":0}},"skip":true},"4":{"name":"_interopRequireDefault","line":0,"loc":{"start":{"line":0,"column":0},"end":{"line":0,"column":0}},"skip":true},"5":{"name":"_classCallCheck","line":0,"loc":{"start":{"line":0,"column":0},"end":{"line":0,"column":0}},"skip":true},"6":{"name":"(anonymous_6)","line":0,"loc":{"start":{"line":0,"column":0},"end":{"line":0,"column":0}},"skip":true},"7":{"name":"isSupported","line":14,"loc":{"start":{"line":14,"column":23},"end":{"line":14,"column":23}}},"8":{"name":"QVBP2PLoader","line":33,"loc":{"start":{"line":33,"column":14},"end":{"line":33,"column":22}}},"9":{"name":"_initQVBP2P","line":44,"loc":{"start":{"line":44,"column":16},"end":{"line":44,"column":16}}},"10":{"name":"init","line":59,"loc":{"start":{"line":59,"column":7},"end":{"line":59,"column":15}}},"11":{"name":"load","line":75,"loc":{"start":{"line":75,"column":7},"end":{"line":75,"column":20}}},"12":{"name":"loadPartail","line":98,"loc":{"start":{"line":98,"column":14},"end":{"line":98,"column":35}}},"13":{"name":"_bindInterface","line":111,"loc":{"start":{"line":111,"column":19},"end":{"line":111,"column":19}}},"14":{"name":"_onStateChange","line":128,"loc":{"start":{"line":128,"column":17},"end":{"line":128,"column":30}}},"15":{"name":"_receiveBuffer","line":151,"loc":{"start":{"line":151,"column":17},"end":{"line":151,"column":23}}},"16":{"name":"unload","line":169,"loc":{"start":{"line":169,"column":11},"end":{"line":169,"column":11}}},"17":{"name":"(anonymous_17)","line":171,"loc":{"start":{"line":171,"column":23},"end":{"line":171,"column":44}}},"18":{"name":"_cleanLoaderBuffer","line":191,"loc":{"start":{"line":191,"column":23},"end":{"line":191,"column":23}}}},"statementMap":{"1":{"start":{"line":0,"column":0},"end":{"line":0,"column":0},"skip":true},"2":{"start":{"line":0,"column":0},"end":{"line":0,"column":0},"skip":true},"3":{"start":{"line":0,"column":0},"end":{"line":0,"column":0},"skip":true},"4":{"start":{"line":0,"column":0},"end":{"line":0,"column":0},"skip":true},"5":{"start":{"line":0,"column":0},"end":{"line":0,"column":0},"skip":true},"6":{"start":{"line":0,"column":0},"end":{"line":0,"column":0},"skip":true},"7":{"start":{"line":0,"column":0},"end":{"line":0,"column":0},"skip":true},"8":{"start":{"line":0,"column":0},"end":{"line":0,"column":0},"skip":true},"9":{"start":{"line":0,"column":0},"end":{"line":0,"column":0},"skip":true},"10":{"start":{"line":0,"column":0},"end":{"line":0,"column":0},"skip":true},"11":{"start":{"line":0,"column":0},"end":{"line":0,"column":0},"skip":true},"12":{"start":{"line":0,"column":0},"end":{"line":0,"column":0},"skip":true},"13":{"start":{"line":0,"column":0},"end":{"line":0,"column":0},"skip":true},"14":{"start":{"line":0,"column":0},"end":{"line":0,"column":0},"skip":true},"15":{"start":{"line":0,"column":0},"end":{"line":0,"column":0},"skip":true},"16":{"start":{"line":0,"column":0},"end":{"line":0,"column":0},"skip":true},"17":{"start":{"line":1,"column":0},"end":{"line":null,"column":null}},"18":{"start":{"line":0,"column":0},"end":{"line":0,"column":0},"skip":true},"19":{"start":{"line":0,"column":0},"end":{"line":0,"column":0},"skip":true},"20":{"start":{"line":0,"column":0},"end":{"line":0,"column":0},"skip":true},"21":{"start":{"line":0,"column":0},"end":{"line":0,"column":0},"skip":true},"22":{"start":{"line":0,"column":0},"end":{"line":0,"column":0},"skip":true},"23":{"start":{"line":0,"column":0},"end":{"line":0,"column":0},"skip":true},"24":{"start":{"line":7,"column":6},"end":{"line":null,"column":null}},"25":{"start":{"line":0,"column":0},"end":{"line":0,"column":0},"skip":true},"26":{"start":{"line":15,"column":8},"end":{"line":null,"column":null}},"27":{"start":{"line":16,"column":8},"end":{"line":null,"column":null}},"28":{"start":{"line":17,"column":13},"end":{"line":null,"column":null}},"29":{"start":{"line":19,"column":10},"end":{"line":null,"column":null}},"30":{"start":{"line":20,"column":15},"end":{"line":null,"column":null}},"31":{"start":{"line":22,"column":13},"end":{"line":null,"column":null}},"32":{"start":{"line":33,"column":14},"end":{"line":null,"column":null}},"33":{"start":{"line":0,"column":0},"end":{"line":0,"column":0},"skip":true},"34":{"start":{"line":34,"column":9},"end":{"line":null,"column":null}},"35":{"start":{"line":35,"column":9},"end":{"line":null,"column":null}},"36":{"start":{"line":36,"column":9},"end":{"line":null,"column":null}},"37":{"start":{"line":37,"column":9},"end":{"line":null,"column":null}},"38":{"start":{"line":0,"column":0},"end":{"line":0,"column":0},"skip":true},"39":{"start":{"line":45,"column":8},"end":{"line":null,"column":null}},"40":{"start":{"line":46,"column":13},"end":{"line":null,"column":null}},"41":{"start":{"line":47,"column":13},"end":{"line":null,"column":null}},"42":{"start":{"line":48,"column":10},"end":{"line":null,"column":null}},"43":{"start":{"line":49,"column":15},"end":{"line":null,"column":null}},"44":{"start":{"line":60,"column":7},"end":{"line":null,"column":null}},"45":{"start":{"line":0,"column":0},"end":{"line":0,"column":0},"skip":true},"46":{"start":{"line":63,"column":9},"end":{"line":null,"column":null}},"47":{"start":{"line":64,"column":11},"end":{"line":null,"column":null}},"48":{"start":{"line":65,"column":9},"end":{"line":null,"column":null}},"49":{"start":{"line":66,"column":9},"end":{"line":null,"column":null}},"50":{"start":{"line":76,"column":8},"end":{"line":null,"column":null}},"51":{"start":{"line":77,"column":11},"end":{"line":null,"column":null}},"52":{"start":{"line":79,"column":8},"end":{"line":null,"column":null}},"53":{"start":{"line":80,"column":11},"end":{"line":79,"column":28}},"54":{"start":{"line":81,"column":11},"end":{"line":null,"column":null}},"55":{"start":{"line":83,"column":11},"end":{"line":null,"column":null}},"56":{"start":{"line":84,"column":9},"end":{"line":null,"column":null}},"57":{"start":{"line":85,"column":9},"end":{"line":null,"column":null}},"58":{"start":{"line":99,"column":8},"end":{"line":null,"column":null}},"59":{"start":{"line":100,"column":11},"end":{"line":null,"column":null}},"60":{"start":{"line":0,"column":0},"end":{"line":0,"column":0},"skip":true},"61":{"start":{"line":103,"column":9},"end":{"line":null,"column":null}},"62":{"start":{"line":112,"column":8},"end":{"line":null,"column":null}},"63":{"start":{"line":114,"column":8},"end":{"line":null,"column":null}},"64":{"start":{"line":115,"column":9},"end":{"line":null,"column":null}},"65":{"start":{"line":117,"column":11},"end":{"line":116,"column":11}},"66":{"start":{"line":129,"column":8},"end":{"line":null,"column":null}},"67":{"start":{"line":130,"column":8},"end":{"line":null,"column":null}},"68":{"start":{"line":131,"column":12},"end":{"line":null,"column":null}},"69":{"start":{"line":133,"column":13},"end":{"line":null,"column":null}},"70":{"start":{"line":0,"column":0},"end":{"line":0,"column":0},"skip":true},"71":{"start":{"line":0,"column":0},"end":{"line":0,"column":0},"skip":true},"72":{"start":{"line":0,"column":0},"end":{"line":0,"column":0},"skip":true},"73":{"start":{"line":0,"column":0},"end":{"line":0,"column":0},"skip":true},"74":{"start":{"line":152,"column":8},"end":{"line":null,"column":null}},"75":{"start":{"line":153,"column":11},"end":{"line":null,"column":null}},"76":{"start":{"line":154,"column":11},"end":{"line":null,"column":null}},"77":{"start":{"line":156,"column":10},"end":{"line":null,"column":null}},"78":{"start":{"line":160,"column":11},"end":{"line":null,"column":null}},"79":{"start":{"line":170,"column":8},"end":{"line":null,"column":null}},"80":{"start":{"line":171,"column":11},"end":{"line":null,"column":null}},"81":{"start":{"line":172,"column":11},"end":{"line":null,"column":null}},"82":{"start":{"line":173,"column":10},"end":{"line":null,"column":null}},"83":{"start":{"line":174,"column":15},"end":{"line":null,"column":null}},"84":{"start":{"line":175,"column":15},"end":{"line":null,"column":null}},"85":{"start":{"line":176,"column":12},"end":{"line":null,"column":null}},"86":{"start":{"line":180,"column":13},"end":{"line":null,"column":null}},"87":{"start":{"line":0,"column":0},"end":{"line":0,"column":0},"skip":true},"88":{"start":{"line":192,"column":9},"end":{"line":null,"column":null}},"89":{"start":{"line":0,"column":0},"end":{"line":0,"column":0},"skip":true},"90":{"start":{"line":195,"column":0},"end":{"line":null,"column":null}},"91":{"start":{"line":196,"column":15},"end":{"line":null,"column":null}}},"branchMap":{"1":{"line":0,"type":"binary-expr","locations":[{"start":{"line":0,"column":0},"end":{"line":0,"column":0},"skip":true},{"start":{"line":0,"column":0},"end":{"line":0,"column":0},"skip":true}]},"2":{"line":0,"type":"if","locations":[{"start":{"line":0,"column":0},"end":{"line":0,"column":0},"skip":true},{"start":{"line":0,"column":0},"end":{"line":0,"column":0},"skip":true}]},"3":{"line":0,"type":"if","locations":[{"start":{"line":0,"column":0},"end":{"line":0,"column":0},"skip":true},{"start":{"line":0,"column":0},"end":{"line":0,"column":0},"skip":true}]},"4":{"line":0,"type":"if","locations":[{"start":{"line":0,"column":0},"end":{"line":0,"column":0},"skip":true},{"start":{"line":0,"column":0},"end":{"line":0,"column":0},"skip":true}]},"5":{"line":0,"type":"cond-expr","locations":[{"start":{"line":0,"column":0},"end":{"line":0,"column":0},"skip":true},{"start":{"line":0,"column":0},"end":{"line":0,"column":0},"skip":true}]},"6":{"line":0,"type":"binary-expr","locations":[{"start":{"line":0,"column":0},"end":{"line":0,"column":0},"skip":true},{"start":{"line":0,"column":0},"end":{"line":0,"column":0},"skip":true}]},"7":{"line":0,"type":"if","locations":[{"start":{"line":0,"column":0},"end":{"line":0,"column":0},"skip":true},{"start":{"line":0,"column":0},"end":{"line":0,"column":0},"skip":true}]},"8":{"line":16,"type":"if","locations":[{"start":{"line":16,"column":8},"end":{"line":16,"column":8}},{"start":{"line":16,"column":8},"end":{"line":16,"column":8}}]},"9":{"line":19,"type":"if","locations":[{"start":{"line":19,"column":10},"end":{"line":19,"column":10}},{"start":{"line":19,"column":10},"end":{"line":19,"column":10}}]},"10":{"line":36,"type":"binary-expr","locations":[{"start":{"line":36,"column":18},"end":{"line":36,"column":28}},{"start":{"line":36,"column":28},"end":{"line":36,"column":4}}]},"11":{"line":45,"type":"if","locations":[{"start":{"line":45,"column":8},"end":{"line":45,"column":8}},{"start":{"line":45,"column":8},"end":{"line":45,"column":8}}]},"12":{"line":48,"type":"if","locations":[{"start":{"line":48,"column":10},"end":{"line":48,"column":10}},{"start":{"line":48,"column":10},"end":{"line":48,"column":10}}]},"13":{"line":60,"type":"if","locations":[{"start":{"line":60,"column":7},"end":{"line":60,"column":7}},{"start":{"line":60,"column":7},"end":{"line":60,"column":7}}]},"14":{"line":76,"type":"if","locations":[{"start":{"line":76,"column":8},"end":{"line":76,"column":8}},{"start":{"line":76,"column":8},"end":{"line":76,"column":8}}]},"15":{"line":79,"type":"if","locations":[{"start":{"line":79,"column":8},"end":{"line":79,"column":8}},{"start":{"line":79,"column":8},"end":{"line":79,"column":8}}]},"16":{"line":99,"type":"if","locations":[{"start":{"line":99,"column":8},"end":{"line":99,"column":8}},{"start":{"line":99,"column":8},"end":{"line":99,"column":8}}]},"17":{"line":114,"type":"if","locations":[{"start":{"line":114,"column":8},"end":{"line":114,"column":8}},{"start":{"line":114,"column":8},"end":{"line":114,"column":8}}]},"18":{"line":114,"type":"binary-expr","locations":[{"start":{"line":114,"column":8},"end":{"line":114,"column":14}},{"start":{"line":114,"column":14},"end":{"line":114,"column":4}}]},"19":{"line":132,"type":"switch","locations":[{"start":{"line":132,"column":11},"end":{"line":null,"column":null}},{"start":{"line":135,"column":11},"end":{"line":null,"column":null}},{"start":{"line":137,"column":11},"end":{"line":null,"column":null}},{"start":{"line":0,"column":0},"end":{"line":0,"column":0},"skip":true}]},"20":{"line":152,"type":"if","locations":[{"start":{"line":152,"column":8},"end":{"line":152,"column":8}},{"start":{"line":152,"column":8},"end":{"line":152,"column":8}}]},"21":{"line":173,"type":"if","locations":[{"start":{"line":173,"column":10},"end":{"line":173,"column":10}},{"start":{"line":173,"column":10},"end":{"line":173,"column":10}}]}}}}