{"/home/daibing/devspace/open-mccree/packages/mccree-loader-tencentp2p/src/index.js":{"path":"/home/daibing/devspace/open-mccree/packages/mccree-loader-tencentp2p/src/index.js","s":{"1":1,"2":1,"3":1,"4":0,"5":0,"6":0,"7":0,"8":0,"9":0,"10":0,"11":1,"12":0,"13":0,"14":0,"15":0,"16":0,"17":1,"18":0,"19":1,"20":0,"21":1,"22":0,"23":0,"24":0,"25":0,"26":0,"27":0,"28":0,"29":0,"30":0,"31":0,"32":1,"33":0,"34":0,"35":0,"36":0,"37":0,"38":0,"39":0,"40":0,"41":0,"42":0,"43":0,"44":0,"45":0,"46":0,"47":0,"48":0,"49":0,"50":0,"51":0,"52":0,"53":0,"54":0,"55":0,"56":0,"57":0,"58":0,"59":0,"60":0,"61":0,"62":0,"63":0,"64":0,"65":0,"66":0,"67":0,"68":0,"69":0,"70":0,"71":0,"72":0,"73":0,"74":0,"75":0,"76":0,"77":0,"78":0,"79":0,"80":0,"81":0,"82":0,"83":0,"84":0,"85":0,"86":0,"87":0,"88":0,"89":0,"90":0},"b":{"1":[0,0],"2":[0,0],"3":[0,0],"4":[0,0],"5":[0,0],"6":[0,0],"7":[0,0],"8":[0,0],"9":[0,0],"10":[0,0],"11":[0,0],"12":[0,0],"13":[0,0],"14":[0,0],"15":[0,0],"16":[0,0],"17":[0,0],"18":[0,0,0,0],"19":[0,0],"20":[0,0]},"f":{"1":1,"2":0,"3":0,"4":0,"5":0,"6":0,"7":0,"8":0,"9":0,"10":0,"11":0,"12":0,"13":0,"14":0,"15":0,"16":0,"17":0,"18":0},"fnMap":{"1":{"name":"(anonymous_1)","line":0,"loc":{"start":{"line":0,"column":0},"end":{"line":0,"column":0}},"skip":true},"2":{"name":"defineProperties","line":0,"loc":{"start":{"line":0,"column":0},"end":{"line":0,"column":0}},"skip":true},"3":{"name":"(anonymous_3)","line":0,"loc":{"start":{"line":0,"column":0},"end":{"line":0,"column":0}},"skip":true},"4":{"name":"_interopRequireDefault","line":0,"loc":{"start":{"line":0,"column":0},"end":{"line":0,"column":0}},"skip":true},"5":{"name":"_classCallCheck","line":0,"loc":{"start":{"line":0,"column":0},"end":{"line":0,"column":0}},"skip":true},"6":{"name":"(anonymous_6)","line":0,"loc":{"start":{"line":0,"column":0},"end":{"line":0,"column":0}},"skip":true},"7":{"name":"isSupported","line":15,"loc":{"start":{"line":15,"column":25},"end":{"line":15,"column":25}}},"8":{"name":"QVBP2PLoader","line":34,"loc":{"start":{"line":34,"column":16},"end":{"line":34,"column":24}}},"9":{"name":"_initQVBP2P","line":45,"loc":{"start":{"line":45,"column":18},"end":{"line":45,"column":18}}},"10":{"name":"init","line":60,"loc":{"start":{"line":60,"column":9},"end":{"line":60,"column":17}}},"11":{"name":"load","line":73,"loc":{"start":{"line":73,"column":9},"end":{"line":73,"column":22}}},"12":{"name":"loadPartail","line":96,"loc":{"start":{"line":96,"column":16},"end":{"line":96,"column":37}}},"13":{"name":"_bindInterface","line":109,"loc":{"start":{"line":109,"column":21},"end":{"line":109,"column":21}}},"14":{"name":"_onStateChange","line":126,"loc":{"start":{"line":126,"column":19},"end":{"line":126,"column":32}}},"15":{"name":"_receiveBuffer","line":149,"loc":{"start":{"line":149,"column":19},"end":{"line":149,"column":25}}},"16":{"name":"unload","line":167,"loc":{"start":{"line":167,"column":13},"end":{"line":167,"column":13}}},"17":{"name":"(anonymous_17)","line":169,"loc":{"start":{"line":169,"column":27},"end":{"line":169,"column":48}}},"18":{"name":"_cleanLoaderBuffer","line":190,"loc":{"start":{"line":190,"column":25},"end":{"line":190,"column":25}}}},"statementMap":{"1":{"start":{"line":0,"column":0},"end":{"line":0,"column":0},"skip":true},"2":{"start":{"line":0,"column":0},"end":{"line":0,"column":0},"skip":true},"3":{"start":{"line":0,"column":0},"end":{"line":0,"column":0},"skip":true},"4":{"start":{"line":0,"column":0},"end":{"line":0,"column":0},"skip":true},"5":{"start":{"line":0,"column":0},"end":{"line":0,"column":0},"skip":true},"6":{"start":{"line":0,"column":0},"end":{"line":0,"column":0},"skip":true},"7":{"start":{"line":0,"column":0},"end":{"line":0,"column":0},"skip":true},"8":{"start":{"line":0,"column":0},"end":{"line":0,"column":0},"skip":true},"9":{"start":{"line":0,"column":0},"end":{"line":0,"column":0},"skip":true},"10":{"start":{"line":0,"column":0},"end":{"line":0,"column":0},"skip":true},"11":{"start":{"line":0,"column":0},"end":{"line":0,"column":0},"skip":true},"12":{"start":{"line":0,"column":0},"end":{"line":0,"column":0},"skip":true},"13":{"start":{"line":0,"column":0},"end":{"line":0,"column":0},"skip":true},"14":{"start":{"line":0,"column":0},"end":{"line":0,"column":0},"skip":true},"15":{"start":{"line":0,"column":0},"end":{"line":0,"column":0},"skip":true},"16":{"start":{"line":0,"column":0},"end":{"line":0,"column":0},"skip":true},"17":{"start":{"line":1,"column":0},"end":{"line":null,"column":null}},"18":{"start":{"line":0,"column":0},"end":{"line":0,"column":0},"skip":true},"19":{"start":{"line":0,"column":0},"end":{"line":0,"column":0},"skip":true},"20":{"start":{"line":0,"column":0},"end":{"line":0,"column":0},"skip":true},"21":{"start":{"line":0,"column":0},"end":{"line":0,"column":0},"skip":true},"22":{"start":{"line":0,"column":0},"end":{"line":0,"column":0},"skip":true},"23":{"start":{"line":0,"column":0},"end":{"line":0,"column":0},"skip":true},"24":{"start":{"line":7,"column":6},"end":{"line":null,"column":null}},"25":{"start":{"line":0,"column":0},"end":{"line":0,"column":0},"skip":true},"26":{"start":{"line":16,"column":12},"end":{"line":null,"column":null}},"27":{"start":{"line":17,"column":12},"end":{"line":null,"column":null}},"28":{"start":{"line":18,"column":19},"end":{"line":null,"column":null}},"29":{"start":{"line":20,"column":16},"end":{"line":null,"column":null}},"30":{"start":{"line":21,"column":23},"end":{"line":null,"column":null}},"31":{"start":{"line":23,"column":19},"end":{"line":null,"column":null}},"32":{"start":{"line":34,"column":16},"end":{"line":null,"column":null}},"33":{"start":{"line":0,"column":0},"end":{"line":0,"column":0},"skip":true},"34":{"start":{"line":35,"column":13},"end":{"line":null,"column":null}},"35":{"start":{"line":36,"column":13},"end":{"line":null,"column":null}},"36":{"start":{"line":37,"column":13},"end":{"line":null,"column":null}},"37":{"start":{"line":38,"column":13},"end":{"line":null,"column":null}},"38":{"start":{"line":0,"column":0},"end":{"line":0,"column":0},"skip":true},"39":{"start":{"line":46,"column":12},"end":{"line":null,"column":null}},"40":{"start":{"line":47,"column":19},"end":{"line":null,"column":null}},"41":{"start":{"line":48,"column":19},"end":{"line":null,"column":null}},"42":{"start":{"line":49,"column":16},"end":{"line":null,"column":null}},"43":{"start":{"line":50,"column":23},"end":{"line":null,"column":null}},"44":{"start":{"line":61,"column":13},"end":{"line":null,"column":null}},"45":{"start":{"line":62,"column":15},"end":{"line":null,"column":null}},"46":{"start":{"line":63,"column":13},"end":{"line":null,"column":null}},"47":{"start":{"line":64,"column":13},"end":{"line":null,"column":null}},"48":{"start":{"line":74,"column":12},"end":{"line":null,"column":null}},"49":{"start":{"line":75,"column":17},"end":{"line":null,"column":null}},"50":{"start":{"line":77,"column":12},"end":{"line":null,"column":null}},"51":{"start":{"line":78,"column":17},"end":{"line":77,"column":32}},"52":{"start":{"line":79,"column":17},"end":{"line":null,"column":null}},"53":{"start":{"line":81,"column":15},"end":{"line":null,"column":null}},"54":{"start":{"line":82,"column":13},"end":{"line":null,"column":null}},"55":{"start":{"line":83,"column":13},"end":{"line":null,"column":null}},"56":{"start":{"line":97,"column":12},"end":{"line":null,"column":null}},"57":{"start":{"line":98,"column":17},"end":{"line":null,"column":null}},"58":{"start":{"line":0,"column":0},"end":{"line":0,"column":0},"skip":true},"59":{"start":{"line":101,"column":13},"end":{"line":null,"column":null}},"60":{"start":{"line":110,"column":12},"end":{"line":null,"column":null}},"61":{"start":{"line":112,"column":12},"end":{"line":null,"column":null}},"62":{"start":{"line":113,"column":15},"end":{"line":null,"column":null}},"63":{"start":{"line":115,"column":17},"end":{"line":114,"column":15}},"64":{"start":{"line":127,"column":12},"end":{"line":null,"column":null}},"65":{"start":{"line":128,"column":12},"end":{"line":null,"column":null}},"66":{"start":{"line":129,"column":16},"end":{"line":null,"column":null}},"67":{"start":{"line":131,"column":21},"end":{"line":null,"column":null}},"68":{"start":{"line":0,"column":0},"end":{"line":0,"column":0},"skip":true},"69":{"start":{"line":0,"column":0},"end":{"line":0,"column":0},"skip":true},"70":{"start":{"line":0,"column":0},"end":{"line":0,"column":0},"skip":true},"71":{"start":{"line":0,"column":0},"end":{"line":0,"column":0},"skip":true},"72":{"start":{"line":150,"column":12},"end":{"line":null,"column":null}},"73":{"start":{"line":151,"column":17},"end":{"line":null,"column":null}},"74":{"start":{"line":152,"column":17},"end":{"line":null,"column":null}},"75":{"start":{"line":154,"column":16},"end":{"line":null,"column":null}},"76":{"start":{"line":158,"column":17},"end":{"line":null,"column":null}},"77":{"start":{"line":0,"column":0},"end":{"line":0,"column":0},"skip":true},"78":{"start":{"line":168,"column":12},"end":{"line":null,"column":null}},"79":{"start":{"line":169,"column":15},"end":{"line":null,"column":null}},"80":{"start":{"line":171,"column":17},"end":{"line":null,"column":null}},"81":{"start":{"line":172,"column":16},"end":{"line":null,"column":null}},"82":{"start":{"line":173,"column":23},"end":{"line":null,"column":null}},"83":{"start":{"line":174,"column":23},"end":{"line":null,"column":null}},"84":{"start":{"line":175,"column":20},"end":{"line":null,"column":null}},"85":{"start":{"line":179,"column":21},"end":{"line":null,"column":null}},"86":{"start":{"line":0,"column":0},"end":{"line":0,"column":0},"skip":true},"87":{"start":{"line":191,"column":13},"end":{"line":null,"column":null}},"88":{"start":{"line":0,"column":0},"end":{"line":0,"column":0},"skip":true},"89":{"start":{"line":194,"column":0},"end":{"line":null,"column":null}},"90":{"start":{"line":195,"column":15},"end":{"line":null,"column":null}}},"branchMap":{"1":{"line":0,"type":"binary-expr","locations":[{"start":{"line":0,"column":0},"end":{"line":0,"column":0},"skip":true},{"start":{"line":0,"column":0},"end":{"line":0,"column":0},"skip":true}]},"2":{"line":0,"type":"if","locations":[{"start":{"line":0,"column":0},"end":{"line":0,"column":0},"skip":true},{"start":{"line":0,"column":0},"end":{"line":0,"column":0},"skip":true}]},"3":{"line":0,"type":"if","locations":[{"start":{"line":0,"column":0},"end":{"line":0,"column":0},"skip":true},{"start":{"line":0,"column":0},"end":{"line":0,"column":0},"skip":true}]},"4":{"line":0,"type":"if","locations":[{"start":{"line":0,"column":0},"end":{"line":0,"column":0},"skip":true},{"start":{"line":0,"column":0},"end":{"line":0,"column":0},"skip":true}]},"5":{"line":0,"type":"cond-expr","locations":[{"start":{"line":0,"column":0},"end":{"line":0,"column":0},"skip":true},{"start":{"line":0,"column":0},"end":{"line":0,"column":0},"skip":true}]},"6":{"line":0,"type":"binary-expr","locations":[{"start":{"line":0,"column":0},"end":{"line":0,"column":0},"skip":true},{"start":{"line":0,"column":0},"end":{"line":0,"column":0},"skip":true}]},"7":{"line":0,"type":"if","locations":[{"start":{"line":0,"column":0},"end":{"line":0,"column":0},"skip":true},{"start":{"line":0,"column":0},"end":{"line":0,"column":0},"skip":true}]},"8":{"line":17,"type":"if","locations":[{"start":{"line":17,"column":12},"end":{"line":17,"column":12}},{"start":{"line":17,"column":12},"end":{"line":17,"column":12}}]},"9":{"line":20,"type":"if","locations":[{"start":{"line":20,"column":16},"end":{"line":20,"column":16}},{"start":{"line":20,"column":16},"end":{"line":20,"column":16}}]},"10":{"line":37,"type":"binary-expr","locations":[{"start":{"line":37,"column":22},"end":{"line":37,"column":32}},{"start":{"line":37,"column":32},"end":{"line":37,"column":8}}]},"11":{"line":46,"type":"if","locations":[{"start":{"line":46,"column":12},"end":{"line":46,"column":12}},{"start":{"line":46,"column":12},"end":{"line":46,"column":12}}]},"12":{"line":49,"type":"if","locations":[{"start":{"line":49,"column":16},"end":{"line":49,"column":16}},{"start":{"line":49,"column":16},"end":{"line":49,"column":16}}]},"13":{"line":74,"type":"if","locations":[{"start":{"line":74,"column":12},"end":{"line":74,"column":12}},{"start":{"line":74,"column":12},"end":{"line":74,"column":12}}]},"14":{"line":77,"type":"if","locations":[{"start":{"line":77,"column":12},"end":{"line":77,"column":12}},{"start":{"line":77,"column":12},"end":{"line":77,"column":12}}]},"15":{"line":97,"type":"if","locations":[{"start":{"line":97,"column":12},"end":{"line":97,"column":12}},{"start":{"line":97,"column":12},"end":{"line":97,"column":12}}]},"16":{"line":112,"type":"if","locations":[{"start":{"line":112,"column":12},"end":{"line":112,"column":12}},{"start":{"line":112,"column":12},"end":{"line":112,"column":12}}]},"17":{"line":112,"type":"binary-expr","locations":[{"start":{"line":112,"column":12},"end":{"line":112,"column":18}},{"start":{"line":112,"column":18},"end":{"line":112,"column":8}}]},"18":{"line":130,"type":"switch","locations":[{"start":{"line":130,"column":17},"end":{"line":null,"column":null}},{"start":{"line":133,"column":17},"end":{"line":null,"column":null}},{"start":{"line":135,"column":17},"end":{"line":null,"column":null}},{"start":{"line":0,"column":0},"end":{"line":0,"column":0},"skip":true}]},"19":{"line":150,"type":"if","locations":[{"start":{"line":150,"column":12},"end":{"line":150,"column":12}},{"start":{"line":150,"column":12},"end":{"line":150,"column":12}}]},"20":{"line":172,"type":"if","locations":[{"start":{"line":172,"column":16},"end":{"line":172,"column":16}},{"start":{"line":172,"column":16},"end":{"line":172,"column":16}}]}}}}