TN:
SF:/home/daibing/devspace/open-mccree/packages/mccree-loader-tencentp2p/src/index.js
FN:15,isSupported
FN:34,QVBP2PLoader
FN:45,_initQVBP2P
FN:60,init
FN:73,load
FN:96,loadPartail
FN:109,_bindInterface
FN:126,_onStateChange
FN:149,_receiveBuffer
FN:167,unload
FN:169,(anonymous_17)
FN:190,_cleanLoaderBuffer
FNF:12
FNH:0
FNDA:0,isSupported
FNDA:0,QVBP2PLoader
FNDA:0,_initQVBP2P
FNDA:0,init
FNDA:0,load
FNDA:0,loadPartail
FNDA:0,_bindInterface
FNDA:0,_onStateChange
FNDA:0,_receiveBuffer
FNDA:0,unload
FNDA:0,(anonymous_17)
FNDA:0,_cleanLoaderBuffer
DA:1,1
DA:7,0
DA:16,0
DA:17,0
DA:18,0
DA:20,0
DA:21,0
DA:23,0
DA:34,1
DA:35,0
DA:36,0
DA:37,0
DA:38,0
DA:46,0
DA:47,0
DA:48,0
DA:49,0
DA:50,0
DA:61,0
DA:62,0
DA:63,0
DA:64,0
DA:74,0
DA:75,0
DA:77,0
DA:78,0
DA:79,0
DA:81,0
DA:82,0
DA:83,0
DA:97,0
DA:98,0
DA:101,0
DA:110,0
DA:112,0
DA:113,0
DA:115,0
DA:127,0
DA:128,0
DA:129,0
DA:131,0
DA:150,0
DA:151,0
DA:152,0
DA:154,0
DA:158,0
DA:168,0
DA:169,0
DA:171,0
DA:172,0
DA:173,0
DA:174,0
DA:175,0
DA:179,0
DA:191,0
DA:194,0
DA:195,0
LF:57
LH:2
BRDA:17,8,0,0
BRDA:17,8,1,0
BRDA:20,9,0,0
BRDA:20,9,1,0
BRDA:37,10,0,0
BRDA:37,10,1,0
BRDA:46,11,0,0
BRDA:46,11,1,0
BRDA:49,12,0,0
BRDA:49,12,1,0
BRDA:74,13,0,0
BRDA:74,13,1,0
BRDA:77,14,0,0
BRDA:77,14,1,0
BRDA:97,15,0,0
BRDA:97,15,1,0
BRDA:112,16,0,0
BRDA:112,16,1,0
BRDA:112,17,0,0
BRDA:112,17,1,0
BRDA:130,18,0,0
BRDA:130,18,1,0
BRDA:130,18,2,0
BRDA:130,18,3,0
BRDA:150,19,0,0
BRDA:150,19,1,0
BRDA:172,20,0,0
BRDA:172,20,1,0
BRF:28
BRH:1
end_of_record
