TN:
SF:/home/daibing/devspace/open-mccree/packages/mccree-loader-tencentp2p/src/index.js
FN:14,isSupported
FN:33,QVBP2PLoader
FN:44,_initQVBP2P
FN:59,init
FN:75,load
FN:98,loadPartail
FN:111,_bindInterface
FN:128,_onStateChange
FN:151,_receiveBuffer
FN:169,unload
FN:171,(anonymous_17)
FN:191,_cleanLoaderBuffer
FNF:12
FNH:12
FNDA:3,isSupported
FNDA:4,QVBP2PLoader
FNDA:6,_initQVBP2P
FNDA:3,init
FNDA:1,load
FNDA:2,loadPartail
FNDA:2,_bindInterface
FNDA:4,_onStateChange
FNDA:2,_receiveBuffer
FNDA:1,unload
FNDA:1,(anonymous_17)
FNDA:2,_cleanLoaderBuffer
DA:1,1
DA:7,1
DA:15,3
DA:16,3
DA:17,1
DA:19,2
DA:20,1
DA:22,1
DA:33,1
DA:34,4
DA:35,4
DA:36,4
DA:37,4
DA:45,6
DA:46,4
DA:47,4
DA:48,4
DA:49,2
DA:60,3
DA:63,2
DA:64,2
DA:65,2
DA:66,2
DA:76,1
DA:77,1
DA:79,1
DA:80,1
DA:81,1
DA:83,1
DA:84,1
DA:85,1
DA:99,2
DA:100,1
DA:103,1
DA:112,2
DA:114,2
DA:115,1
DA:117,1
DA:129,4
DA:130,4
DA:131,4
DA:133,1
DA:152,2
DA:153,1
DA:154,1
DA:156,1
DA:160,1
DA:170,1
DA:171,1
DA:172,1
DA:173,1
DA:174,1
DA:175,1
DA:176,1
DA:180,1
DA:192,2
DA:195,1
DA:196,1
LF:58
LH:58
BRDA:16,8,0,1
BRDA:16,8,1,2
BRDA:19,9,0,1
BRDA:19,9,1,1
BRDA:36,10,0,4
BRDA:36,10,1,1
BRDA:45,11,0,4
BRDA:45,11,1,2
BRDA:48,12,0,2
BRDA:48,12,1,2
BRDA:60,13,0,1
BRDA:60,13,1,2
BRDA:76,14,0,1
BRDA:76,14,1,0
BRDA:79,15,0,1
BRDA:79,15,1,0
BRDA:99,16,0,1
BRDA:99,16,1,1
BRDA:114,17,0,1
BRDA:114,17,1,1
BRDA:114,18,0,2
BRDA:114,18,1,2
BRDA:132,19,0,1
BRDA:132,19,1,1
BRDA:132,19,2,1
BRDA:132,19,3,1
BRDA:152,20,0,1
BRDA:152,20,1,1
BRDA:173,21,0,1
BRDA:173,21,1,0
BRF:30
BRH:27
end_of_record
